#
# There is insufficient memory for the Java Runtime Environment to continue.
# Native memory allocation (mmap) failed to map 16777216 bytes for Failed to commit area from 0x0000000086100000 to 0x0000000087100000 of length 16777216.
# Possible reasons:
#   The system is out of physical RAM or swap space
#   The process is running with CompressedOops enabled, and the Java Heap may be blocking the growth of the native heap
# Possible solutions:
#   Reduce memory load on the system
#   Increase physical memory or swap space
#   Check if swap backing store is full
#   Decrease Java heap size (-Xmx/-Xms)
#   Decrease number of Java threads
#   Decrease Java thread stack sizes (-Xss)
#   Set larger code cache with -XX:ReservedCodeCacheSize=
#   JVM is running with Unscaled Compressed Oops mode in which the Java heap is
#     placed in the first 4GB address space. The Java Heap base address is the
#     maximum limit for the native heap growth. Please use -XX:HeapBaseMinAddress
#     to set the Java Heap base and to place the Java Heap above 4GB virtual address.
# This output file may be truncated or incomplete.
#
#  Out of Memory Error (t:/workspace/open/src/hotspot/os/windows/os_windows.cpp:3264), pid=18884, tid=14272
#
# JRE version: Java(TM) SE Runtime Environment (12.0.2+10) (build 12.0.2+10)
# Java VM: Java HotSpot(TM) 64-Bit Server VM (12.0.2+10, mixed mode, sharing, tiered, compressed oops, g1 gc, windows-amd64)
# No core dump will be written. Minidumps are not enabled by default on client versions of Windows
#

---------------  S U M M A R Y ------------

Command Line: -Dcom.sun.management.jmxremote -Dcom.sun.management.jmxremote.port=52661 -Dcom.sun.management.jmxremote.authenticate=false -Dcom.sun.management.jmxremote.ssl=false -Djava.rmi.server.hostname=localhost -Dspring.jmx.enabled=true -Dspring.application.admin.enabled=true -XX:TieredStopAtLevel=1 -Dspring.boot.project.name=accountservice -Dfile.encoding=UTF-8 com.cognizant.accountservice.AccountserviceApplication

Host: Intel(R) Core(TM) i5-8265U CPU @ 1.60GHz, 8 cores, 7G,  Windows 10 , 64 bit Build 19041 (10.0.19041.928)
Time: Fri Jun 18 12:35:38 2021 India Standard Time elapsed time: 8 seconds (0d 0h 0m 8s)

---------------  T H R E A D  ---------------

Current thread (0x000002a4d1583800):  VMThread "VM Thread" [stack: 0x000000eca1500000,0x000000eca1600000] [id=14272]

Stack: [0x000000eca1500000,0x000000eca1600000]
[error occurred during error reporting (printing stack bounds), id 0xc0000005, EXCEPTION_ACCESS_VIOLATION (0xc0000005) at pc=0x000002a4bad10bad]

Native frames: (J=compiled Java code, j=interpreted, Vv=VM code, C=native code)
V  [jvm.dll+0x63aa2a]
V  [jvm.dll+0x78ce1e]
V  [jvm.dll+0x78e4c1]
V  [jvm.dll+0x78ea75]
V  [jvm.dll+0x78ea2b]
V  [jvm.dll+0x63a134]
V  [jvm.dll+0x63a4f8]
C  [ntdll.dll+0xa207f]
C  [ntdll.dll+0x51454]
C  [ntdll.dll+0xa0bae]
C  0x000002a4bad10bad

VM_Operation (0x000000eca36fb240): G1CollectForAllocation, mode: safepoint, requested by thread 0x000002a4d5a4c000


---------------  P R O C E S S  ---------------

Threads class SMR info:
_java_thread_list=0x000002a4d5ab75e0, length=24, elements={
0x000002a4b290c000, 0x000002a4d1589000, 0x000002a4d158b000, 0x000002a4d15a1800,
0x000002a4d15a2800, 0x000002a4d15a8000, 0x000002a4d15ad800, 0x000002a4d1f90000,
0x000002a4d1fcf800, 0x000002a4d26ac000, 0x000002a4d26bc000, 0x000002a4d26d3800,
0x000002a4d27bc000, 0x000002a4d27ce800, 0x000002a4d2fc1000, 0x000002a4d2feb800,
0x000002a4d302c000, 0x000002a4d304c000, 0x000002a4d3aab800, 0x000002a4d3aa9800,
0x000002a4d3aaa000, 0x000002a4d3aab000, 0x000002a4d5a50800, 0x000002a4d5a4c000
}

Java Threads: ( => current thread )
  0x000002a4b290c000 JavaThread "main" [_thread_blocked, id=19556, stack(0x000000eca0f00000,0x000000eca1000000)]
  0x000002a4d1589000 JavaThread "Reference Handler" daemon [_thread_blocked, id=22948, stack(0x000000eca1600000,0x000000eca1700000)]
  0x000002a4d158b000 JavaThread "Finalizer" daemon [_thread_blocked, id=23520, stack(0x000000eca1700000,0x000000eca1800000)]
  0x000002a4d15a1800 JavaThread "Signal Dispatcher" daemon [_thread_blocked, id=25328, stack(0x000000eca1800000,0x000000eca1900000)]
  0x000002a4d15a2800 JavaThread "Attach Listener" daemon [_thread_blocked, id=25948, stack(0x000000eca1900000,0x000000eca1a00000)]
  0x000002a4d15a8000 JavaThread "C1 CompilerThread0" daemon [_thread_blocked, id=29656, stack(0x000000eca1a00000,0x000000eca1b00000)]
  0x000002a4d15ad800 JavaThread "Sweeper thread" daemon [_thread_blocked, id=7696, stack(0x000000eca1b00000,0x000000eca1c00000)]
  0x000002a4d1f90000 JavaThread "Common-Cleaner" daemon [_thread_blocked, id=11812, stack(0x000000eca1c00000,0x000000eca1d00000)]
  0x000002a4d1fcf800 JavaThread "Service Thread" daemon [_thread_blocked, id=944, stack(0x000000eca1d00000,0x000000eca1e00000)]
  0x000002a4d26ac000 JavaThread "RMI TCP Accept-0" daemon [_thread_in_native, id=16852, stack(0x000000eca1e00000,0x000000eca1f00000)]
  0x000002a4d26bc000 JavaThread "RMI TCP Accept-52661" daemon [_thread_in_native, id=21060, stack(0x000000eca1f00000,0x000000eca2000000)]
  0x000002a4d26d3800 JavaThread "RMI TCP Accept-0" daemon [_thread_in_native, id=23732, stack(0x000000eca2000000,0x000000eca2100000)]
  0x000002a4d27bc000 JavaThread "Thread-0" [_thread_blocked, id=27588, stack(0x000000eca2400000,0x000000eca2500000)]
  0x000002a4d27ce800 JavaThread "restartedMain" [_thread_blocked, id=11772, stack(0x000000eca2500000,0x000000eca2600000)]
  0x000002a4d2fc1000 JavaThread "RMI TCP Connection(1)-127.0.0.1" daemon [_thread_in_native, id=6960, stack(0x000000eca2700000,0x000000eca2800000)]
  0x000002a4d2feb800 JavaThread "RMI Scheduler(0)" daemon [_thread_blocked, id=13132, stack(0x000000eca2800000,0x000000eca2900000)]
  0x000002a4d302c000 JavaThread "RMI TCP Connection(2)-127.0.0.1" daemon [_thread_in_native, id=6336, stack(0x000000eca2900000,0x000000eca2a00000)]
  0x000002a4d304c000 JavaThread "JMX server connection timeout 24" daemon [_thread_blocked, id=22660, stack(0x000000eca2f00000,0x000000eca3000000)]
  0x000002a4d3aab800 JavaThread "HikariPool-1 housekeeper" daemon [_thread_blocked, id=14028, stack(0x000000eca3100000,0x000000eca3200000)]
  0x000002a4d3aa9800 JavaThread "Catalina-utility-1" [_thread_blocked, id=21928, stack(0x000000eca3200000,0x000000eca3300000)]
  0x000002a4d3aaa000 JavaThread "Catalina-utility-2" [_thread_blocked, id=5624, stack(0x000000eca3300000,0x000000eca3400000)]
  0x000002a4d3aab000 JavaThread "container-0" [_thread_blocked, id=9980, stack(0x000000eca3400000,0x000000eca3500000)]
  0x000002a4d5a50800 JavaThread "HikariPool-1 connection adder" daemon [_thread_blocked, id=3528, stack(0x000000eca3500000,0x000000eca3600000)]
  0x000002a4d5a4c000 JavaThread "task-1" [_thread_blocked, id=6636, stack(0x000000eca3600000,0x000000eca3700000)]

Other Threads:
=>0x000002a4d1583800 VMThread "VM Thread" [stack: 0x000000eca1500000,0x000000eca1600000] [id=14272]
  0x000002a4d26d8000 WatcherThread [stack: 0x000000eca2100000,0x000000eca2200000] [id=13668]
  0x000002a4b294c800 GCTaskThread "GC Thread#0" [stack: 0x000000eca1000000,0x000000eca1100000] [id=24472]
  0x000002a4d279a000 GCTaskThread "GC Thread#1" [stack: 0x000000eca2200000,0x000000eca2300000] [id=18036]
  0x000002a4d2765000 GCTaskThread "GC Thread#2" [stack: 0x000000eca2300000,0x000000eca2400000] [id=1352]
  0x000002a4d3083800 GCTaskThread "GC Thread#3" [stack: 0x000000eca2a00000,0x000000eca2b00000] [id=3656]
  0x000002a4d3084000 GCTaskThread "GC Thread#4" [stack: 0x000000eca2b00000,0x000000eca2c00000] [id=6548]
  0x000002a4d3085000 GCTaskThread "GC Thread#5" [stack: 0x000000eca2c00000,0x000000eca2d00000] [id=21780]
  0x000002a4d3085800 GCTaskThread "GC Thread#6" [stack: 0x000000eca2d00000,0x000000eca2e00000] [id=11568]
  0x000002a4d3086800 GCTaskThread "GC Thread#7" [stack: 0x000000eca2e00000,0x000000eca2f00000] [id=8572]
  0x000002a4b295c000 ConcurrentGCThread "G1 Main Marker" [stack: 0x000000eca1100000,0x000000eca1200000] [id=14852]
  0x000002a4b2960800 ConcurrentGCThread "G1 Conc#0" [stack: 0x000000eca1200000,0x000000eca1300000] [id=19000]
  0x000002a4d34c4800 ConcurrentGCThread "G1 Conc#1" [stack: 0x000000eca2600000,0x000000eca2700000] [id=26920]
  0x000002a4d1400800 ConcurrentGCThread "G1 Refine#0" [stack: 0x000000eca1300000,0x000000eca1400000] [id=7376]
  0x000002a4d1401000 ConcurrentGCThread "G1 Young RemSet Sampling" [stack: 0x000000eca1400000,0x000000eca1500000] [id=23612]

Threads with active compile tasks:

VM state:at safepoint (normal execution)

VM Mutex/Monitor currently owned by a thread:  ([mutex/lock_event])
[0x000002a4b29099e0] Threads_lock - owner thread: 0x000002a4d1583800
[0x000002a4b2908bd0] Heap_lock - owner thread: 0x000002a4d5a4c000

Heap address: 0x0000000081c00000, size: 2020 MB, Compressed Oops mode: 32-bit
Narrow klass base: 0x0000000800000000, Narrow klass shift: 3
Compressed class space size: 1073741824 Address: 0x0000000801190000

Heap:
 garbage-first heap   total 88064K, used 28400K [0x0000000081c00000, 0x0000000100000000)
  region size 1024K, 3 young (3072K), 3 survivors (3072K)
 Metaspace       used 49591K, capacity 50905K, committed 51064K, reserved 1093632K
  class space    used 6892K, capacity 7399K, committed 7544K, reserved 1048576K
Heap Regions: E=young(eden), S=young(survivor), O=old, HS=humongous(starts), HC=humongous(continues), CS=collection set, F=free, A=archive, TAMS=top-at-mark-start (previous, next)
|   0|0x0000000081c00000, 0x0000000081d00000, 0x0000000081d00000|100%|HS|  |TAMS 0x0000000081d00000, 0x0000000081c00000| Complete 
|   1|0x0000000081d00000, 0x0000000081e00000, 0x0000000081e00000|100%| O|  |TAMS 0x0000000081e00000, 0x0000000081d00000| Untracked 
|   2|0x0000000081e00000, 0x0000000081f00000, 0x0000000081f00000|100%| O|  |TAMS 0x0000000081f00000, 0x0000000081e00000| Untracked 
|   3|0x0000000081f00000, 0x0000000082000000, 0x0000000082000000|100%| O|  |TAMS 0x0000000082000000, 0x0000000081f00000| Untracked 
|   4|0x0000000082000000, 0x0000000082100000, 0x0000000082100000|100%| O|  |TAMS 0x0000000082100000, 0x0000000082000000| Untracked 
|   5|0x0000000082100000, 0x0000000082200000, 0x0000000082200000|100%| O|  |TAMS 0x0000000082200000, 0x0000000082100000| Untracked 
|   6|0x0000000082200000, 0x0000000082300000, 0x0000000082300000|100%| O|  |TAMS 0x0000000082300000, 0x0000000082200000| Untracked 
|   7|0x0000000082300000, 0x0000000082400000, 0x0000000082400000|100%| O|  |TAMS 0x0000000082400000, 0x0000000082300000| Untracked 
|   8|0x0000000082400000, 0x0000000082437800, 0x0000000082500000| 21%| O|  |TAMS 0x0000000082437800, 0x0000000082400000| Untracked 
|   9|0x0000000082500000, 0x0000000082600000, 0x0000000082600000|100%| O|  |TAMS 0x0000000082600000, 0x0000000082500000| Untracked 
|  10|0x0000000082600000, 0x0000000082700000, 0x0000000082700000|100%| O|  |TAMS 0x0000000082700000, 0x0000000082600000| Untracked 
|  11|0x0000000082700000, 0x0000000082800000, 0x0000000082800000|100%| O|  |TAMS 0x0000000082800000, 0x0000000082700000| Untracked 
|  12|0x0000000082800000, 0x0000000082900000, 0x0000000082900000|100%| O|  |TAMS 0x0000000082900000, 0x0000000082800000| Untracked 
|  13|0x0000000082900000, 0x0000000082a00000, 0x0000000082a00000|100%| O|  |TAMS 0x0000000082a00000, 0x0000000082900000| Untracked 
|  14|0x0000000082a00000, 0x0000000082b00000, 0x0000000082b00000|100%| O|  |TAMS 0x0000000082b00000, 0x0000000082a00000| Untracked 
|  15|0x0000000082b00000, 0x0000000082c00000, 0x0000000082c00000|100%| O|  |TAMS 0x0000000082c00000, 0x0000000082b00000| Untracked 
|  16|0x0000000082c00000, 0x0000000082d00000, 0x0000000082d00000|100%| O|  |TAMS 0x0000000082d00000, 0x0000000082c00000| Untracked 
|  17|0x0000000082d00000, 0x0000000082e00000, 0x0000000082e00000|100%| O|  |TAMS 0x0000000082e00000, 0x0000000082d00000| Untracked 
|  18|0x0000000082e00000, 0x0000000082f00000, 0x0000000082f00000|100%| O|  |TAMS 0x0000000082f00000, 0x0000000082e00000| Untracked 
|  19|0x0000000082f00000, 0x0000000083000000, 0x0000000083000000|100%| O|  |TAMS 0x0000000083000000, 0x0000000082f00000| Untracked 
|  20|0x0000000083000000, 0x0000000083100000, 0x0000000083100000|100%| O|  |TAMS 0x0000000083100000, 0x0000000083000000| Untracked 
|  21|0x0000000083100000, 0x0000000083200000, 0x0000000083200000|100%| O|  |TAMS 0x0000000083200000, 0x0000000083100000| Untracked 
|  22|0x0000000083200000, 0x0000000083300000, 0x0000000083300000|100%| O|  |TAMS 0x0000000083300000, 0x0000000083200000| Untracked 
|  23|0x0000000083300000, 0x0000000083400000, 0x0000000083400000|100%| O|  |TAMS 0x000000008330f400, 0x0000000083300000| Untracked 
|  24|0x0000000083400000, 0x0000000083500000, 0x0000000083500000|100%| O|  |TAMS 0x0000000083400000, 0x0000000083400000| Untracked 
|  25|0x0000000083500000, 0x0000000083600000, 0x0000000083600000|100%| O|  |TAMS 0x0000000083500000, 0x0000000083500000| Untracked 
|  26|0x0000000083600000, 0x0000000083604c00, 0x0000000083700000|  1%| O|  |TAMS 0x0000000083600000, 0x0000000083600000| Untracked 
|  27|0x0000000083700000, 0x0000000083700000, 0x0000000083800000|  0%| F|  |TAMS 0x0000000083700000, 0x0000000083700000| Untracked 
|  28|0x0000000083800000, 0x0000000083800000, 0x0000000083900000|  0%| F|  |TAMS 0x0000000083800000, 0x0000000083800000| Untracked 
|  29|0x0000000083900000, 0x0000000083900000, 0x0000000083a00000|  0%| F|  |TAMS 0x0000000083900000, 0x0000000083900000| Untracked 
|  30|0x0000000083a00000, 0x0000000083a00000, 0x0000000083b00000|  0%| F|  |TAMS 0x0000000083a00000, 0x0000000083a00000| Untracked 
|  31|0x0000000083b00000, 0x0000000083b00000, 0x0000000083c00000|  0%| F|  |TAMS 0x0000000083b00000, 0x0000000083b00000| Untracked 
|  32|0x0000000083c00000, 0x0000000083c00000, 0x0000000083d00000|  0%| F|  |TAMS 0x0000000083c00000, 0x0000000083c00000| Untracked 
|  33|0x0000000083d00000, 0x0000000083d00000, 0x0000000083e00000|  0%| F|  |TAMS 0x0000000083d00000, 0x0000000083d00000| Untracked 
|  34|0x0000000083e00000, 0x0000000083e00000, 0x0000000083f00000|  0%| F|  |TAMS 0x0000000083e00000, 0x0000000083e00000| Untracked 
|  35|0x0000000083f00000, 0x0000000083f00000, 0x0000000084000000|  0%| F|  |TAMS 0x0000000083f00000, 0x0000000083f00000| Untracked 
|  36|0x0000000084000000, 0x0000000084000000, 0x0000000084100000|  0%| F|  |TAMS 0x0000000084000000, 0x0000000084000000| Untracked 
|  37|0x0000000084100000, 0x0000000084100000, 0x0000000084200000|  0%| F|  |TAMS 0x0000000084100000, 0x0000000084100000| Untracked 
|  38|0x0000000084200000, 0x000000008427fc48, 0x0000000084300000| 49%| S|CS|TAMS 0x0000000084200000, 0x0000000084200000| Complete 
|  39|0x0000000084300000, 0x0000000084400000, 0x0000000084400000|100%| S|CS|TAMS 0x0000000084300000, 0x0000000084300000| Complete 
|  40|0x0000000084400000, 0x0000000084400000, 0x0000000084500000|  0%| F|  |TAMS 0x0000000084400000, 0x0000000084400000| Untracked 
|  41|0x0000000084500000, 0x0000000084500000, 0x0000000084600000|  0%| F|  |TAMS 0x0000000084500000, 0x0000000084500000| Untracked 
|  42|0x0000000084600000, 0x0000000084700000, 0x0000000084700000|100%| S|CS|TAMS 0x0000000084600000, 0x0000000084600000| Complete 
|  43|0x0000000084700000, 0x0000000084700000, 0x0000000084800000|  0%| F|  |TAMS 0x0000000084700000, 0x0000000084700000| Untracked 
|  44|0x0000000084800000, 0x0000000084800000, 0x0000000084900000|  0%| F|  |TAMS 0x0000000084800000, 0x0000000084800000| Untracked 
|  45|0x0000000084900000, 0x0000000084900000, 0x0000000084a00000|  0%| F|  |TAMS 0x0000000084900000, 0x0000000084900000| Untracked 
|  46|0x0000000084a00000, 0x0000000084a00000, 0x0000000084b00000|  0%| F|  |TAMS 0x0000000084a00000, 0x0000000084a00000| Untracked 
|  47|0x0000000084b00000, 0x0000000084b00000, 0x0000000084c00000|  0%| F|  |TAMS 0x0000000084b00000, 0x0000000084b00000| Untracked 
|  48|0x0000000084c00000, 0x0000000084c00000, 0x0000000084d00000|  0%| F|  |TAMS 0x0000000084c00000, 0x0000000084c00000| Untracked 
|  49|0x0000000084d00000, 0x0000000084d00000, 0x0000000084e00000|  0%| F|  |TAMS 0x0000000084d00000, 0x0000000084d00000| Untracked 
|  50|0x0000000084e00000, 0x0000000084e00000, 0x0000000084f00000|  0%| F|  |TAMS 0x0000000084e00000, 0x0000000084e00000| Untracked 
|  51|0x0000000084f00000, 0x0000000084f00000, 0x0000000085000000|  0%| F|  |TAMS 0x0000000084f00000, 0x0000000084f00000| Untracked 
|  52|0x0000000085000000, 0x0000000085000000, 0x0000000085100000|  0%| F|  |TAMS 0x0000000085000000, 0x0000000085000000| Untracked 
|  53|0x0000000085100000, 0x0000000085100000, 0x0000000085200000|  0%| F|  |TAMS 0x0000000085100000, 0x0000000085100000| Untracked 
|  54|0x0000000085200000, 0x0000000085200000, 0x0000000085300000|  0%| F|  |TAMS 0x0000000085200000, 0x0000000085200000| Untracked 
|  55|0x0000000085300000, 0x0000000085300000, 0x0000000085400000|  0%| F|  |TAMS 0x0000000085300000, 0x0000000085300000| Untracked 
|  56|0x0000000085400000, 0x0000000085400000, 0x0000000085500000|  0%| F|  |TAMS 0x0000000085400000, 0x0000000085400000| Untracked 
|  57|0x0000000085500000, 0x0000000085500000, 0x0000000085600000|  0%| F|  |TAMS 0x0000000085500000, 0x0000000085500000| Untracked 
|  58|0x0000000085600000, 0x0000000085600000, 0x0000000085700000|  0%| F|  |TAMS 0x0000000085600000, 0x0000000085600000| Untracked 
|  59|0x0000000085700000, 0x0000000085700000, 0x0000000085800000|  0%| F|  |TAMS 0x0000000085700000, 0x0000000085700000| Untracked 
|  60|0x0000000085800000, 0x0000000085800000, 0x0000000085900000|  0%| F|  |TAMS 0x0000000085800000, 0x0000000085800000| Untracked 
|  61|0x0000000085900000, 0x0000000085900000, 0x0000000085a00000|  0%| F|  |TAMS 0x0000000085900000, 0x0000000085900000| Untracked 
|  62|0x0000000085a00000, 0x0000000085a00000, 0x0000000085b00000|  0%| F|  |TAMS 0x0000000085a00000, 0x0000000085a00000| Untracked 
|  63|0x0000000085b00000, 0x0000000085b00000, 0x0000000085c00000|  0%| F|  |TAMS 0x0000000085b00000, 0x0000000085b00000| Untracked 
|  64|0x0000000085c00000, 0x0000000085c00000, 0x0000000085d00000|  0%| F|  |TAMS 0x0000000085c00000, 0x0000000085c00000| Untracked 
|  65|0x0000000085d00000, 0x0000000085d00000, 0x0000000085e00000|  0%| F|  |TAMS 0x0000000085d00000, 0x0000000085d00000| Untracked 
|  66|0x0000000085e00000, 0x0000000085e00000, 0x0000000085f00000|  0%| F|  |TAMS 0x0000000085e00000, 0x0000000085e00000| Untracked 
|  67|0x0000000085f00000, 0x0000000085f00000, 0x0000000086000000|  0%| F|  |TAMS 0x0000000085f00000, 0x0000000085f00000| Untracked 
|  68|0x0000000086000000, 0x0000000086000000, 0x0000000086100000|  0%| F|  |TAMS 0x0000000086000000, 0x0000000086000000| Untracked 
| 127|0x0000000089b00000, 0x0000000089b00000, 0x0000000089c00000|  0%| F|  |TAMS 0x0000000089b00000, 0x0000000089b00000| Untracked 

Card table byte_map: [0x000002a4ca440000,0x000002a4ca840000] _byte_map_base: 0x000002a4ca032000

Marking Bits (Prev, Next): (CMBitMap*) 0x000002a4b294f548, (CMBitMap*) 0x000002a4b294f508
 Prev Bits: [0x000002a4ccbd0000, 0x000002a4ceb60000)
 Next Bits: [0x000002a4cac40000, 0x000002a4ccbd0000)

Polling page: 0x000002a4b0a80000

Metaspace:

Usage:
  Non-class:     42.49 MB capacity,    41.70 MB ( 98%) used,   652.87 KB (  2%) free+waste,   153.75 KB ( <1%) overhead. 
      Class:      7.23 MB capacity,     6.73 MB ( 93%) used,   431.60 KB (  6%) free+waste,    75.13 KB (  1%) overhead. 
       Both:     49.71 MB capacity,    48.43 MB ( 97%) used,     1.06 MB (  2%) free+waste,   228.88 KB ( <1%) overhead. 

Virtual space:
  Non-class space:       44.00 MB reserved,      42.50 MB ( 97%) committed 
      Class space:        1.00 GB reserved,       7.37 MB ( <1%) committed 
             Both:        1.04 GB reserved,      49.87 MB (  5%) committed 

Chunk freelists:
   Non-Class:  1.75 KB
       Class:  3.13 KB
        Both:  4.88 KB

CodeHeap 'non-profiled nmethods': size=238336Kb used=7903Kb max_used=7903Kb free=230432Kb
 bounds [0x000002a4bb450000, 0x000002a4bbc10000, 0x000002a4c9d10000]
CodeHeap 'non-nmethods': size=7424Kb used=1233Kb max_used=1233Kb free=6190Kb
 bounds [0x000002a4bad10000, 0x000002a4baf80000, 0x000002a4bb450000]
 total_blobs=5213 nmethods=4599 adapters=508
 compilation: enabled
              stopped_count=0, restarted_count=0
 full_count=0

Compilation events (10 events):
Event: 8.230 Thread 0x000002a4d15a8000 4609       1       net.bytebuddy.description.type.TypeDescription$Generic$Visitor$ForRawType::onNonGenericType (6 bytes)
Event: 8.230 Thread 0x000002a4d15a8000 nmethod 4609 0x000002a4bbc06990 code [0x000002a4bbc06b40, 0x000002a4bbc06c78]
Event: 8.230 Thread 0x000002a4d15a8000 4610       1       net.bytebuddy.description.type.TypeDescription$Generic$Visitor$ForRawType::onNonGenericType (2 bytes)
Event: 8.230 Thread 0x000002a4d15a8000 nmethod 4610 0x000002a4bbc06d10 code [0x000002a4bbc06ec0, 0x000002a4bbc06ff8]
Event: 8.230 Thread 0x000002a4d15a8000 4611       1       net.bytebuddy.description.method.MethodDescription$TypeToken::hashCode (25 bytes)
Event: 8.230 Thread 0x000002a4d15a8000 nmethod 4611 0x000002a4bbc07090 code [0x000002a4bbc07260, 0x000002a4bbc07420]
Event: 8.232 Thread 0x000002a4d15a8000 4613       1       net.bytebuddy.description.method.MethodDescription$ForLoadedMethod::getDeclaringType (11 bytes)
Event: 8.232 Thread 0x000002a4d15a8000 nmethod 4613 0x000002a4bbc07510 code [0x000002a4bbc07700, 0x000002a4bbc07a40]
Event: 8.232 Thread 0x000002a4d15a8000 4614       1       net.bytebuddy.description.method.MethodDescription$ForLoadedMethod::getLoadedMethod (5 bytes)
Event: 8.232 Thread 0x000002a4d15a8000 nmethod 4614 0x000002a4bbc07c10 code [0x000002a4bbc07dc0, 0x000002a4bbc07ef8]

GC Heap History (10 events):
Event: 6.824 GC heap after
{Heap after GC invocations=25 (full 0):
 garbage-first heap   total 58368K, used 23557K [0x0000000081c00000, 0x0000000100000000)
  region size 1024K, 1 young (1024K), 1 survivors (1024K)
 Metaspace       used 34323K, capacity 35521K, committed 35584K, reserved 1081344K
  class space    used 4660K, capacity 5115K, committed 5120K, reserved 1048576K
}
Event: 7.064 GC heap before
{Heap before GC invocations=26 (full 0):
 garbage-first heap   total 58368K, used 45061K [0x0000000081c00000, 0x0000000100000000)
  region size 1024K, 22 young (22528K), 1 survivors (1024K)
 Metaspace       used 37176K, capacity 38444K, committed 38520K, reserved 1083392K
  class space    used 4981K, capacity 5471K, committed 5496K, reserved 1048576K
}
Event: 7.068 GC heap after
{Heap after GC invocations=27 (full 0):
 garbage-first heap   total 70656K, used 24561K [0x0000000081c00000, 0x0000000100000000)
  region size 1024K, 2 young (2048K), 2 survivors (2048K)
 Metaspace       used 37176K, capacity 38444K, committed 38520K, reserved 1083392K
  class space    used 4981K, capacity 5471K, committed 5496K, reserved 1048576K
}
Event: 7.320 GC heap before
{Heap before GC invocations=28 (full 0):
 garbage-first heap   total 70656K, used 51185K [0x0000000081c00000, 0x0000000100000000)
  region size 1024K, 28 young (28672K), 2 survivors (2048K)
 Metaspace       used 39760K, capacity 41033K, committed 41208K, reserved 1085440K
  class space    used 5304K, capacity 5799K, committed 5880K, reserved 1048576K
}
Event: 7.323 GC heap after
{Heap after GC invocations=29 (full 0):
 garbage-first heap   total 70656K, used 25952K [0x0000000081c00000, 0x0000000100000000)
  region size 1024K, 4 young (4096K), 4 survivors (4096K)
 Metaspace       used 39760K, capacity 41033K, committed 41208K, reserved 1085440K
  class space    used 5304K, capacity 5799K, committed 5880K, reserved 1048576K
}
Event: 7.628 GC heap before
{Heap before GC invocations=29 (full 0):
 garbage-first heap   total 70656K, used 51552K [0x0000000081c00000, 0x0000000100000000)
  region size 1024K, 29 young (29696K), 4 survivors (4096K)
 Metaspace       used 42659K, capacity 43953K, committed 44024K, reserved 1087488K
  class space    used 5863K, capacity 6365K, committed 6392K, reserved 1048576K
}
Event: 7.631 GC heap after
{Heap after GC invocations=30 (full 0):
 garbage-first heap   total 70656K, used 27119K [0x0000000081c00000, 0x0000000100000000)
  region size 1024K, 3 young (3072K), 3 survivors (3072K)
 Metaspace       used 42659K, capacity 43953K, committed 44024K, reserved 1087488K
  class space    used 5863K, capacity 6365K, committed 6392K, reserved 1048576K
}
Event: 7.947 GC heap before
{Heap before GC invocations=30 (full 0):
 garbage-first heap   total 70656K, used 53743K [0x0000000081c00000, 0x0000000100000000)
  region size 1024K, 29 young (29696K), 3 survivors (3072K)
 Metaspace       used 46460K, capacity 47738K, committed 47864K, reserved 1091584K
  class space    used 6365K, capacity 6860K, committed 6904K, reserved 1048576K
}
Event: 7.950 GC heap after
{Heap after GC invocations=31 (full 0):
 garbage-first heap   total 70656K, used 27889K [0x0000000081c00000, 0x0000000100000000)
  region size 1024K, 2 young (2048K), 2 survivors (2048K)
 Metaspace       used 46460K, capacity 47738K, committed 47864K, reserved 1091584K
  class space    used 6365K, capacity 6860K, committed 6904K, reserved 1048576K
}
Event: 8.241 GC heap before
{Heap before GC invocations=31 (full 0):
 garbage-first heap   total 70656K, used 54513K [0x0000000081c00000, 0x0000000100000000)
  region size 1024K, 28 young (28672K), 2 survivors (2048K)
 Metaspace       used 49591K, capacity 50905K, committed 51064K, reserved 1093632K
  class space    used 6892K, capacity 7399K, committed 7544K, reserved 1048576K
}

Deoptimization events (0 events):
No events

Classes redefined (0 events):
No events

Internal exceptions (10 events):
Event: 7.377 Thread 0x000002a4d27ce800 Exception <a 'java/lang/ClassNotFoundException'{0x0000000085b650a0}: org/springframework/beans/factory/BeanFactoryAwareCustomizer> (0x0000000085b650a0) thrown at [t:/workspace/open/src/hotspot/share/classfile/systemDictionary.cpp, line 235]
Event: 7.379 Thread 0x000002a4d27ce800 Exception <a 'java/lang/ClassNotFoundException'{0x0000000085bac8d8}: org/springframework/beans/factory/AwareCustomizer> (0x0000000085bac8d8) thrown at [t:/workspace/open/src/hotspot/share/classfile/systemDictionary.cpp, line 235]
Event: 7.379 Thread 0x000002a4d27ce800 Exception <a 'java/lang/ClassNotFoundException'{0x0000000085bca2c8}: org/springframework/context/ApplicationEventPublisherAwareCustomizer> (0x0000000085bca2c8) thrown at [t:/workspace/open/src/hotspot/share/classfile/systemDictionary.cpp, line 235]
Event: 7.380 Thread 0x000002a4d27ce800 Exception <a 'java/lang/ClassNotFoundException'{0x0000000085be4a18}: org/springframework/beans/factory/AwareCustomizer> (0x0000000085be4a18) thrown at [t:/workspace/open/src/hotspot/share/classfile/systemDictionary.cpp, line 235]
Event: 7.388 Thread 0x000002a4d27ce800 Exception <a 'java/lang/ClassNotFoundException'{0x0000000085a2c240}: java/lang/ObjectCustomizer> (0x0000000085a2c240) thrown at [t:/workspace/open/src/hotspot/share/classfile/systemDictionary.cpp, line 235]
Event: 7.389 Thread 0x000002a4d27ce800 Exception <a 'java/lang/ClassNotFoundException'{0x0000000085a4d378}: org/springframework/core/io/support/PropertiesLoaderSupportCustomizer> (0x0000000085a4d378) thrown at [t:/workspace/open/src/hotspot/share/classfile/systemDictionary.cpp, line 235]
Event: 7.390 Thread 0x000002a4d27ce800 Exception <a 'java/lang/ClassNotFoundException'{0x0000000085acdd50}: org/springframework/beans/factory/config/PropertiesFactoryBeanCustomizer> (0x0000000085acdd50) thrown at [t:/workspace/open/src/hotspot/share/classfile/systemDictionary.cpp, line 235]
Event: 7.392 Thread 0x000002a4d27ce800 Exception <a 'java/lang/ClassNotFoundException'{0x0000000085af9428}: org/springframework/beans/factory/FactoryBeanCustomizer> (0x0000000085af9428) thrown at [t:/workspace/open/src/hotspot/share/classfile/systemDictionary.cpp, line 235]
Event: 7.393 Thread 0x000002a4d27ce800 Exception <a 'java/lang/ClassNotFoundException'{0x0000000085944700}: org/springframework/beans/factory/InitializingBeanCustomizer> (0x0000000085944700) thrown at [t:/workspace/open/src/hotspot/share/classfile/systemDictionary.cpp, line 235]
Event: 7.922 Thread 0x000002a4d5a4c000 Exception <a 'java/lang/NoSuchMethodError'{0x00000000849b3148}: java.lang.invoke.DirectMethodHandle$Holder.newInvokeSpecial(Ljava/lang/Object;Ljava/lang/Object;ILjava/lang/Object;Ljava/lang/Object;)Ljava/lang/Object;> (0x00000000849b3148) thrown at [t:/wo

Events (10 events):
Event: 8.239 loading class net/bytebuddy/description/type/TypeVariableToken done
Event: 8.239 loading class net/bytebuddy/dynamic/scaffold/FieldRegistry$Default$Compiled
Event: 8.239 loading class net/bytebuddy/dynamic/scaffold/FieldRegistry$Default$Compiled done
Event: 8.240 loading class net/bytebuddy/dynamic/scaffold/RecordComponentRegistry$Default$Compiled
Event: 8.240 loading class net/bytebuddy/dynamic/scaffold/RecordComponentRegistry$Default$Compiled done
Event: 8.240 loading class net/bytebuddy/dynamic/scaffold/TypeWriter$RecordComponentPool$Record
Event: 8.240 loading class net/bytebuddy/dynamic/scaffold/TypeWriter$RecordComponentPool$Record done
Event: 8.240 loading class net/bytebuddy/dynamic/scaffold/TypeWriter$Default
Event: 8.240 loading class net/bytebuddy/dynamic/scaffold/TypeWriter$Default done
Event: 8.241 Executing VM operation: G1CollectForAllocation


Dynamic libraries:
0x00007ff766d60000 - 0x00007ff766d6f000 	C:\Program Files\Java\jdk-12.0.2\bin\javaw.exe
0x00007ff9e05d0000 - 0x00007ff9e07c5000 	C:\WINDOWS\SYSTEM32\ntdll.dll
0x00007ff9df2f0000 - 0x00007ff9df3ad000 	C:\WINDOWS\System32\KERNEL32.DLL
0x00007ff9de170000 - 0x00007ff9de438000 	C:\WINDOWS\System32\KERNELBASE.dll
0x00007ff9ddd10000 - 0x00007ff9dde10000 	C:\WINDOWS\System32\ucrtbase.dll
0x00007ff9bbcd0000 - 0x00007ff9bbce8000 	C:\Program Files\Java\jdk-12.0.2\bin\jli.dll
0x00007ff9df3d0000 - 0x00007ff9df47c000 	C:\WINDOWS\System32\ADVAPI32.dll
0x00007ff9dff60000 - 0x00007ff9dfffe000 	C:\WINDOWS\System32\msvcrt.dll
0x00007ff9de750000 - 0x00007ff9de7eb000 	C:\WINDOWS\System32\sechost.dll
0x00007ff9c3290000 - 0x00007ff9c32a6000 	C:\Program Files\Java\jdk-12.0.2\bin\VCRUNTIME140.dll
0x00007ff9df6b0000 - 0x00007ff9df7db000 	C:\WINDOWS\System32\RPCRT4.dll
0x00007ff9df500000 - 0x00007ff9df6a0000 	C:\WINDOWS\System32\USER32.dll
0x00007ff9c6650000 - 0x00007ff9c68ea000 	C:\WINDOWS\WinSxS\amd64_microsoft.windows.common-controls_6595b64144ccf1df_6.0.19041.844_none_ca00b6081b84eb1d\COMCTL32.dll
0x00007ff9de550000 - 0x00007ff9de572000 	C:\WINDOWS\System32\win32u.dll
0x00007ff9df230000 - 0x00007ff9df25a000 	C:\WINDOWS\System32\GDI32.dll
0x00007ff9de440000 - 0x00007ff9de54b000 	C:\WINDOWS\System32\gdi32full.dll
0x00007ff9de0d0000 - 0x00007ff9de16d000 	C:\WINDOWS\System32\msvcp_win.dll
0x00007ff9d60c0000 - 0x00007ff9d60ca000 	C:\WINDOWS\SYSTEM32\VERSION.dll
0x00007ff9df7e0000 - 0x00007ff9df810000 	C:\WINDOWS\System32\IMM32.DLL
0x00007ff99ee30000 - 0x00007ff99eeda000 	C:\Program Files\Java\jdk-12.0.2\bin\msvcp140.dll
0x00007ff998550000 - 0x00007ff9990c7000 	C:\Program Files\Java\jdk-12.0.2\bin\server\jvm.dll
0x00007ff9df6a0000 - 0x00007ff9df6a8000 	C:\WINDOWS\System32\PSAPI.DLL
0x00007ff9bc460000 - 0x00007ff9bc469000 	C:\WINDOWS\SYSTEM32\WSOCK32.dll
0x00007ff9c6ba0000 - 0x00007ff9c6bc7000 	C:\WINDOWS\SYSTEM32\WINMM.dll
0x00007ff9dfd10000 - 0x00007ff9dfd7b000 	C:\WINDOWS\System32\WS2_32.dll
0x00007ff9dc5d0000 - 0x00007ff9dc5e2000 	C:\WINDOWS\SYSTEM32\kernel.appcore.dll
0x00007ff9c0d20000 - 0x00007ff9c0d31000 	C:\Program Files\Java\jdk-12.0.2\bin\verify.dll
0x00007ff9db9c0000 - 0x00007ff9dbba4000 	C:\WINDOWS\SYSTEM32\DBGHELP.DLL
0x00007ff9c8430000 - 0x00007ff9c845c000 	C:\WINDOWS\SYSTEM32\dbgcore.DLL
0x00007ff9ddff0000 - 0x00007ff9de070000 	C:\WINDOWS\System32\bcryptPrimitives.dll
0x00007ff9b8190000 - 0x00007ff9b81b6000 	C:\Program Files\Java\jdk-12.0.2\bin\java.dll
0x00007ff9b3a10000 - 0x00007ff9b3a27000 	C:\Program Files\Java\jdk-12.0.2\bin\zip.dll
0x00007ff9c38c0000 - 0x00007ff9c38ca000 	C:\Program Files\Java\jdk-12.0.2\bin\jimage.dll
0x00007ff9dea10000 - 0x00007ff9df152000 	C:\WINDOWS\System32\SHELL32.dll
0x00007ff9dbdf0000 - 0x00007ff9dc581000 	C:\WINDOWS\SYSTEM32\windows.storage.dll
0x00007ff9df9b0000 - 0x00007ff9dfd05000 	C:\WINDOWS\System32\combase.dll
0x00007ff9dd6b0000 - 0x00007ff9dd6dc000 	C:\WINDOWS\SYSTEM32\Wldp.dll
0x00007ff9de630000 - 0x00007ff9de6de000 	C:\WINDOWS\System32\SHCORE.dll
0x00007ff9de800000 - 0x00007ff9de855000 	C:\WINDOWS\System32\shlwapi.dll
0x00007ff9ddc50000 - 0x00007ff9ddc6f000 	C:\WINDOWS\SYSTEM32\profapi.dll
0x00007ff9b0170000 - 0x00007ff9b0189000 	C:\Program Files\Java\jdk-12.0.2\bin\net.dll
0x00007ff9d4020000 - 0x00007ff9d412b000 	C:\WINDOWS\SYSTEM32\WINHTTP.dll
0x00007ff9c75a0000 - 0x00007ff9c778e000 	C:\WINDOWS\SYSTEM32\urlmon.dll
0x00007ff9c8be0000 - 0x00007ff9c8e90000 	C:\WINDOWS\SYSTEM32\iertutil.dll
0x00007ff9dd3d0000 - 0x00007ff9dd43a000 	C:\WINDOWS\system32\mswsock.dll
0x00007ff9af590000 - 0x00007ff9af5a3000 	C:\Program Files\Java\jdk-12.0.2\bin\nio.dll
0x00007ff9d72a0000 - 0x00007ff9d72a9000 	C:\Program Files\Java\jdk-12.0.2\bin\management.dll
0x00007ff9c27b0000 - 0x00007ff9c27bc000 	C:\Program Files\Java\jdk-12.0.2\bin\management_ext.dll
0x00007ff9bc340000 - 0x00007ff9bc357000 	C:\WINDOWS\system32\napinsp.dll
0x00007ff9bc320000 - 0x00007ff9bc33b000 	C:\WINDOWS\system32\pnrpnsp.dll
0x00007ff9d8a80000 - 0x00007ff9d8a95000 	C:\WINDOWS\system32\wshbth.dll
0x00007ff9d6d90000 - 0x00007ff9d6dad000 	C:\WINDOWS\system32\NLAapi.dll
0x00007ff9dd0d0000 - 0x00007ff9dd10b000 	C:\WINDOWS\SYSTEM32\IPHLPAPI.DLL
0x00007ff9dd110000 - 0x00007ff9dd1dc000 	C:\WINDOWS\SYSTEM32\DNSAPI.dll
0x00007ff9de7f0000 - 0x00007ff9de7f8000 	C:\WINDOWS\System32\NSI.dll
0x00007ff9b9680000 - 0x00007ff9b9692000 	C:\WINDOWS\System32\winrnr.dll
0x00007ff9d6320000 - 0x00007ff9d632a000 	C:\Windows\System32\rasadhlp.dll
0x00007ff9d2810000 - 0x00007ff9d288f000 	C:\WINDOWS\System32\fwpuclnt.dll
0x00007ff9ddfc0000 - 0x00007ff9ddfe7000 	C:\WINDOWS\System32\bcrypt.dll
0x00007ff9dd580000 - 0x00007ff9dd598000 	C:\WINDOWS\SYSTEM32\CRYPTSP.dll
0x00007ff9dcd80000 - 0x00007ff9dcdb4000 	C:\WINDOWS\system32\rsaenh.dll
0x00007ff9ddbd0000 - 0x00007ff9ddbfe000 	C:\WINDOWS\SYSTEM32\USERENV.dll
0x00007ff9dd570000 - 0x00007ff9dd57c000 	C:\WINDOWS\SYSTEM32\CRYPTBASE.dll
0x00007ff9d8f90000 - 0x00007ff9d8fa7000 	C:\WINDOWS\SYSTEM32\dhcpcsvc6.DLL
0x00007ff9d8f70000 - 0x00007ff9d8f8d000 	C:\WINDOWS\SYSTEM32\dhcpcsvc.DLL

dbghelp: loaded successfully - version: 4.0.5 - missing functions: none
symbol engine: initialized successfully - sym options: 0x614 - pdb path: .;C:\Program Files\Java\jdk-12.0.2\bin;C:\WINDOWS\SYSTEM32;C:\WINDOWS\WinSxS\amd64_microsoft.windows.common-controls_6595b64144ccf1df_6.0.19041.844_none_ca00b6081b84eb1d;C:\Program Files\Java\jdk-12.0.2\bin\server

VM Arguments:
jvm_args: -Dcom.sun.management.jmxremote -Dcom.sun.management.jmxremote.port=52661 -Dcom.sun.management.jmxremote.authenticate=false -Dcom.sun.management.jmxremote.ssl=false -Djava.rmi.server.hostname=localhost -Dspring.jmx.enabled=true -Dspring.application.admin.enabled=true -XX:TieredStopAtLevel=1 -Dspring.boot.project.name=accountservice -Dfile.encoding=UTF-8 
java_command: com.cognizant.accountservice.AccountserviceApplication
java_class_path (initial): C:\Users\Rachna\OneDrive\Desktop\Updated final project\accountms\target\classes;C:\Users\Rachna\.p2\pool\plugins\org.junit.jupiter.api_5.7.0.v20201026-1537.jar;C:\Users\Rachna\.p2\pool\plugins\org.junit.jupiter.engine_5.7.0.v20201026-1537.jar;C:\Users\Rachna\.p2\pool\plugins\org.junit.jupiter.migrationsupport_5.7.0.v20201026-1537.jar;C:\Users\Rachna\.p2\pool\plugins\org.junit.jupiter.params_5.7.0.v20201026-1537.jar;C:\Users\Rachna\.p2\pool\plugins\org.junit.platform.commons_1.7.0.v20201026-1537.jar;C:\Users\Rachna\.p2\pool\plugins\org.junit.platform.engine_1.7.0.v20201026-1537.jar;C:\Users\Rachna\.p2\pool\plugins\org.junit.platform.launcher_1.7.0.v20201026-1537.jar;C:\Users\Rachna\.p2\pool\plugins\org.junit.platform.runner_1.7.0.v20201026-1537.jar;C:\Users\Rachna\.p2\pool\plugins\org.junit.platform.suite.api_1.7.0.v20201026-1537.jar;C:\Users\Rachna\.p2\pool\plugins\org.junit.vintage.engine_5.7.0.v20201026-1537.jar;C:\Users\Rachna\.p2\pool\plugins\org.opentest4j_1.2.0.v20190826-0900.jar;C:\Users\Rachna\.p2\pool\plugins\org.apiguardian_1.1.0.v20190826-0900.jar;C:\Users\Rachna\.p2\pool\plugins\org.junit_4.13.0.v20200204-1500.jar;C:\Users\Rachna\.p2\pool\plugins\org.hamcrest.core_1.3.0.v20180420-1519.jar;C:\Users\Rachna\.m2\repository\io\springfox\springfox-swagger-ui\2.9.2\springfox-swagger-ui-2.9.2.jar;C:\Users\Rachna\.m2\repository\io\springfox\springfox-spring-web\2.9.2\springfox-spring-web-2.9.2.jar;C:\Users\Rachna\.m2\repository\io\springfox\springfox-swagger2\2.9.2\springfox-swagger2-2.9.2.jar;C:\Users\Rachna\.m2\repository\io\swagger\swagger-annotations\1.5.20\swagger-annotations-1.5.20.jar;C:\Users\Rachna\.m2\repository\io\swagger\swagger-models\1.5.20\swagger-models-1.5.20.jar;C:\Users\Rachna\.m2\repository\com\fasterxml\jackson\core\jackson-annotations\2.11.0\jackson-annotations-2.11.0.jar;C:\Users\Rachna\.m2\repository\io\springfox\springfox-spi\2.9.2\springfox-spi-2.9.2.jar;C:\Users\Rachna\.m2\repository\io\springfox\springfox-c
Launcher Type: SUN_STANDARD

[Global flags]
     intx CICompilerCount                          = 4                                         {product} {ergonomic}
     uint ConcGCThreads                            = 2                                         {product} {ergonomic}
     uint G1ConcRefinementThreads                  = 8                                         {product} {ergonomic}
   size_t G1HeapRegionSize                         = 1048576                                   {product} {ergonomic}
    uintx GCDrainStackTargetSize                   = 64                                        {product} {ergonomic}
   size_t InitialHeapSize                          = 134217728                                 {product} {ergonomic}
     bool ManagementServer                         = true                                      {product} {command line}
   size_t MarkStackSize                            = 4194304                                   {product} {ergonomic}
   size_t MaxHeapSize                              = 2118123520                                {product} {ergonomic}
   size_t MaxNewSize                               = 1270874112                                {product} {ergonomic}
   size_t MinHeapDeltaBytes                        = 1048576                                   {product} {ergonomic}
    uintx NonNMethodCodeHeapSize                   = 7549744                                {pd product} {ergonomic}
    uintx NonProfiledCodeHeapSize                  = 244108496                              {pd product} {ergonomic}
    uintx ProfiledCodeHeapSize                     = 0                                      {pd product} {ergonomic}
    uintx ReservedCodeCacheSize                    = 251658240                              {pd product} {ergonomic}
     bool SegmentedCodeCache                       = true                                      {product} {ergonomic}
     intx TieredStopAtLevel                        = 1                                         {product} {command line}
     bool UseCompressedClassPointers               = true                                 {lp64_product} {ergonomic}
     bool UseCompressedOops                        = true                                 {lp64_product} {ergonomic}
     bool UseG1GC                                  = true                                      {product} {ergonomic}
     bool UseLargePagesIndividualAllocation        = false                                  {pd product} {ergonomic}

Logging:
Log output configuration:
 #0: stdout all=warning uptime,level,tags
 #1: stderr all=off uptime,level,tags

Environment Variables:
JAVA_HOME=C:\Program Files\Java\jdk-12.0.2
PATH=C:/Program Files/Java/jdk-12.0.2/bin/server;C:/Program Files/Java/jdk-12.0.2/bin;C:\Python39\Scripts\;C:\Python39\;C:\Users\Rachna\AppData\Local\Programs\Python\Python38-32\;C:\Users\Rachna\AppData\Local\Microsoft\WindowsApps;C:\Users\Rachna\AppData\Roaming\npm;C:\Users\Rachna\AppData\Local\Programs\Microsoft VS Code\bin;C:\Program Files\heroku\bin;C:\Program Files\Git\cmd;C:\WINDOWS\system32;C:\WINDOWS;C:\WINDOWS\System32\Wbem;C:\WINDOWS\System32\WindowsPowerShell\v1.0\;C:\WINDOWS\System32\OpenSSH\;C:\Program Files\apache-maven-3.6.3\bin;C:\Program Files\Java\jdk-12.0.2\bin;M2;C:\Program Files\nodejs\;C:\ProgramData\chocolatey\bin;;C:\Program Files\Docker\Docker\resources\bin;C:\ProgramData\DockerDesktop\version-bin;C:\Program Files\Amazon\AWSCLIV2\;C:\Program Files\MySQL\MySQL Shell 8.0\bin\;C:\Program Files\Git\cmd;C:\Users\Rachna\AppData\Local\Programs\Python\Python38-32\;C:\Users\Rachna\AppData\Local\Microsoft\WindowsApps;C:\Users\Rachna\AppData\Local\Programs\Microsoft VS Code\bin;C:\Program Files\heroku\bin;;C:\Users\Rachna\AppData\Local\Microsoft\WindowsApps;C:\Users\Rachna\AppData\Roaming\npm;C:\WINDOWS\System32;
USERNAME=Rachna
OS=Windows_NT
PROCESSOR_IDENTIFIER=Intel64 Family 6 Model 142 Stepping 12, GenuineIntel



---------------  S Y S T E M  ---------------

OS: Windows 10 , 64 bit Build 19041 (10.0.19041.928)

CPU:total 8 (initial active 8) (4 cores per cpu, 2 threads per core) family 6 model 142 stepping 12, cmov, cx8, fxsr, mmx, sse, sse2, sse3, ssse3, sse4.1, sse4.2, popcnt, avx, avx2, aes, clmul, erms, 3dnowpref, lzcnt, ht, tsc, tscinvbit, bmi1, bmi2, adx, fma

Memory: 4k page, system-wide physical 8078M (274M free)
TotalPageFile size 32654M (AvailPageFile size 24M)
current process WorkingSet (physical memory assigned to process): 192M, peak: 192M
current process commit charge ("private bytes"): 233M, peak: 248M

vm_info: Java HotSpot(TM) 64-Bit Server VM (12.0.2+10) for windows-amd64 JRE (12.0.2+10), built on Jul 16 2019 01:56:17 by "mach5one" with MS VC++ 15.5 (VS2017)

END.
