#
# There is insufficient memory for the Java Runtime Environment to continue.
# Native memory allocation (malloc) failed to allocate 1372336 bytes for Chunk::new
# Possible reasons:
#   The system is out of physical RAM or swap space
#   The process is running with CompressedOops enabled, and the Java Heap may be blocking the growth of the native heap
# Possible solutions:
#   Reduce memory load on the system
#   Increase physical memory or swap space
#   Check if swap backing store is full
#   Decrease Java heap size (-Xmx/-Xms)
#   Decrease number of Java threads
#   Decrease Java thread stack sizes (-Xss)
#   Set larger code cache with -XX:ReservedCodeCacheSize=
#   JVM is running with Unscaled Compressed Oops mode in which the Java heap is
#     placed in the first 4GB address space. The Java Heap base address is the
#     maximum limit for the native heap growth. Please use -XX:HeapBaseMinAddress
#     to set the Java Heap base and to place the Java Heap above 4GB virtual address.
# This output file may be truncated or incomplete.
#
#  Out of Memory Error (t:/workspace/open/src/hotspot/share/memory/arena.cpp:197), pid=16232, tid=3808
#
# JRE version: Java(TM) SE Runtime Environment (12.0.2+10) (build 12.0.2+10)
# Java VM: Java HotSpot(TM) 64-Bit Server VM (12.0.2+10, mixed mode, sharing, tiered, compressed oops, g1 gc, windows-amd64)
# No core dump will be written. Minidumps are not enabled by default on client versions of Windows
#

---------------  S U M M A R Y ------------

Command Line: -Dmaven.home=EMBEDDED -Dclassworlds.conf=C:\Users\Rachna\eclipse-workspace\.metadata\.plugins\org.eclipse.m2e.launching\launches\m2conf13693604982005039969.tmp -Dmaven.multiModuleProjectDirectory=C:\Users\Rachna\OneDrive\Desktop\transactionservice\transactionservice -Dfile.encoding=Cp1252 org.codehaus.plexus.classworlds.launcher.Launcher -B clean install

Host: Intel(R) Core(TM) i5-8265U CPU @ 1.60GHz, 8 cores, 7G,  Windows 10 , 64 bit Build 19041 (10.0.19041.928)
Time: Mon Jun 21 21:06:34 2021 India Standard Time elapsed time: 13 seconds (0d 0h 0m 13s)

---------------  T H R E A D  ---------------

Current thread (0x000002bdd67f9000):  JavaThread "C2 CompilerThread0" daemon [_thread_in_native, id=3808, stack(0x000000f0aa100000,0x000000f0aa200000)]


Current CompileTask:
C2:  13452 7667       4       org.codehaus.plexus.util.xml.Xpp3Dom::mergeIntoXpp3Dom (490 bytes)

Stack: [0x000000f0aa100000,0x000000f0aa200000]
Native frames: (J=compiled Java code, j=interpreted, Vv=VM code, C=native code)
V  [jvm.dll+0x63aa2a]
V  [jvm.dll+0x78ce1e]
V  [jvm.dll+0x78e4c1]
V  [jvm.dll+0x78eb13]
V  [jvm.dll+0x2627e8]
V  [jvm.dll+0xc55cc]
V  [jvm.dll+0xc5b4c]
V  [jvm.dll+0x37a677]
V  [jvm.dll+0x1af2d0]
V  [jvm.dll+0x21c312]
V  [jvm.dll+0x21b3da]
V  [jvm.dll+0x199a20]
V  [jvm.dll+0x22a744]
V  [jvm.dll+0x228d98]
V  [jvm.dll+0x7512a0]
V  [jvm.dll+0x74a2c8]
V  [jvm.dll+0x639b16]
C  [ucrtbase.dll+0x21bb2]
C  [KERNEL32.DLL+0x17034]
C  [ntdll.dll+0x52651]


---------------  P R O C E S S  ---------------

Threads class SMR info:
_java_thread_list=0x000002bdd783c6b0, length=22, elements={
0x000002bdb5aee800, 0x000002bdd67d8800, 0x000002bdd67da000, 0x000002bdd67f2800,
0x000002bdd67f6000, 0x000002bdd67f9000, 0x000002bdd67ff800, 0x000002bdd7138800,
0x000002bdd7281800, 0x000002bdd7277000, 0x000002bddc382800, 0x000002bddb2f0800,
0x000002bdd8e2a800, 0x000002bdd8cf8000, 0x000002bddb82a000, 0x000002bddb76b000,
0x000002bdd9aaf800, 0x000002bdd9ab0800, 0x000002bddba6b000, 0x000002bddb5ab000,
0x000002bdd8b7a800, 0x000002bdd8b7c800
}

Java Threads: ( => current thread )
  0x000002bdb5aee800 JavaThread "main" [_thread_in_native, id=5372, stack(0x000000f0a9600000,0x000000f0a9700000)]
  0x000002bdd67d8800 JavaThread "Reference Handler" daemon [_thread_blocked, id=17148, stack(0x000000f0a9d00000,0x000000f0a9e00000)]
  0x000002bdd67da000 JavaThread "Finalizer" daemon [_thread_blocked, id=4892, stack(0x000000f0a9e00000,0x000000f0a9f00000)]
  0x000002bdd67f2800 JavaThread "Signal Dispatcher" daemon [_thread_blocked, id=15992, stack(0x000000f0a9f00000,0x000000f0aa000000)]
  0x000002bdd67f6000 JavaThread "Attach Listener" daemon [_thread_blocked, id=5748, stack(0x000000f0aa000000,0x000000f0aa100000)]
=>0x000002bdd67f9000 JavaThread "C2 CompilerThread0" daemon [_thread_in_native, id=3808, stack(0x000000f0aa100000,0x000000f0aa200000)]
  0x000002bdd67ff800 JavaThread "C1 CompilerThread0" daemon [_thread_blocked, id=2772, stack(0x000000f0aa200000,0x000000f0aa300000)]
  0x000002bdd7138800 JavaThread "Sweeper thread" daemon [_thread_blocked, id=13804, stack(0x000000f0aa300000,0x000000f0aa400000)]
  0x000002bdd7281800 JavaThread "Service Thread" daemon [_thread_blocked, id=10060, stack(0x000000f0aa400000,0x000000f0aa500000)]
  0x000002bdd7277000 JavaThread "Common-Cleaner" daemon [_thread_blocked, id=3756, stack(0x000000f0aa600000,0x000000f0aa700000)]
  0x000002bddc382800 JavaThread "C2 CompilerThread1" daemon [_thread_in_native, id=9064, stack(0x000000f0aa700000,0x000000f0aa800000)]
  0x000002bddb2f0800 JavaThread "resolver-1" daemon [_thread_blocked, id=10252, stack(0x000000f0aa800000,0x000000f0aa900000)]
  0x000002bdd8e2a800 JavaThread "resolver-2" daemon [_thread_blocked, id=8220, stack(0x000000f0ab000000,0x000000f0ab100000)]
  0x000002bdd8cf8000 JavaThread "resolver-3" daemon [_thread_blocked, id=16956, stack(0x000000f0ab100000,0x000000f0ab200000)]
  0x000002bddb82a000 JavaThread "resolver-4" daemon [_thread_blocked, id=18096, stack(0x000000f0ab200000,0x000000f0ab300000)]
  0x000002bddb76b000 JavaThread "resolver-5" daemon [_thread_blocked, id=11320, stack(0x000000f0ab300000,0x000000f0ab400000)]
  0x000002bdd9aaf800 JavaThread "timeout-check-timer" daemon [_thread_blocked, id=18268, stack(0x000000f0ab400000,0x000000f0ab500000)]
  0x000002bdd9ab0800 JavaThread "ping-timer-10s" daemon [_thread_blocked, id=15584, stack(0x000000f0ab500000,0x000000f0ab600000)]
  0x000002bddba6b000 JavaThread "ThreadedStreamConsumer" daemon [_thread_blocked, id=12696, stack(0x000000f0ab600000,0x000000f0ab700000)]
  0x000002bddb5ab000 JavaThread "Thread-2" [_thread_blocked, id=8308, stack(0x000000f0ab700000,0x000000f0ab800000)]
  0x000002bdd8b7a800 JavaThread "Thread-3" [_thread_in_native, id=10692, stack(0x000000f0ab800000,0x000000f0ab900000)]
  0x000002bdd8b7c800 JavaThread "Thread-4" [_thread_in_native, id=2016, stack(0x000000f0ab900000,0x000000f0aba00000)]

Other Threads:
  0x000002bdd67d5800 VMThread "VM Thread" [stack: 0x000000f0a9c00000,0x000000f0a9d00000] [id=11840]
  0x000002bdd7276800 WatcherThread [stack: 0x000000f0aa500000,0x000000f0aa600000] [id=11980]
  0x000002bdb7b54800 GCTaskThread "GC Thread#0" [stack: 0x000000f0a9700000,0x000000f0a9800000] [id=11972]
  0x000002bdd823c000 GCTaskThread "GC Thread#1" [stack: 0x000000f0aa900000,0x000000f0aaa00000] [id=2452]
  0x000002bdd7d0e000 GCTaskThread "GC Thread#2" [stack: 0x000000f0aaa00000,0x000000f0aab00000] [id=18276]
  0x000002bdb7b64800 ConcurrentGCThread "G1 Main Marker" [stack: 0x000000f0a9800000,0x000000f0a9900000] [id=7324]
  0x000002bdb7b67000 ConcurrentGCThread "G1 Conc#0" [stack: 0x000000f0a9900000,0x000000f0a9a00000] [id=11164]
  0x000002bddadf4800 ConcurrentGCThread "G1 Conc#1" [stack: 0x000000f0aaf00000,0x000000f0ab000000] [id=9548]
  0x000002bdd664d800 ConcurrentGCThread "G1 Refine#0" [stack: 0x000000f0a9a00000,0x000000f0a9b00000] [id=4688]
  0x000002bdd8ec1000 ConcurrentGCThread "G1 Refine#1" [stack: 0x000000f0aab00000,0x000000f0aac00000] [id=15008]
  0x000002bdd8b47000 ConcurrentGCThread "G1 Refine#2" [stack: 0x000000f0aac00000,0x000000f0aad00000] [id=9672]
  0x000002bdd95a8000 ConcurrentGCThread "G1 Refine#3" [stack: 0x000000f0aad00000,0x000000f0aae00000] [id=1800]
  0x000002bddaf96000 ConcurrentGCThread "G1 Refine#4" [stack: 0x000000f0aae00000,0x000000f0aaf00000] [id=11136]
  0x000002bdd664e000 ConcurrentGCThread "G1 Young RemSet Sampling" [stack: 0x000000f0a9b00000,0x000000f0a9c00000] [id=8500]

Threads with active compile tasks:
C2 CompilerThread0  7667       4       org.codehaus.plexus.util.xml.Xpp3Dom::mergeIntoXpp3Dom (490 bytes)
C2 CompilerThread1  7701   !   4       org.codehaus.plexus.interpolation.StringSearchInterpolator::interpolate (650 bytes)

VM state:not at safepoint (normal execution)

VM Mutex/Monitor currently owned by a thread: None

Heap address: 0x0000000081c00000, size: 2020 MB, Compressed Oops mode: 32-bit
Narrow klass base: 0x0000000800000000, Narrow klass shift: 3
Compressed class space size: 1073741824 Address: 0x0000000801190000

Heap:
 garbage-first heap   total 165888K, used 110770K [0x0000000081c00000, 0x0000000100000000)
  region size 1024K, 41 young (41984K), 2 survivors (2048K)
 Metaspace       used 30211K, capacity 31130K, committed 31232K, reserved 1077248K
  class space    used 3183K, capacity 3529K, committed 3584K, reserved 1048576K
Heap Regions: E=young(eden), S=young(survivor), O=old, HS=humongous(starts), HC=humongous(continues), CS=collection set, F=free, A=archive, TAMS=top-at-mark-start (previous, next)
|   0|0x0000000081c00000, 0x0000000081d00000, 0x0000000081d00000|100%| O|  |TAMS 0x0000000081d00000, 0x0000000081c00000| Untracked 
|   1|0x0000000081d00000, 0x0000000081e00000, 0x0000000081e00000|100%| O|  |TAMS 0x0000000081e00000, 0x0000000081d00000| Untracked 
|   2|0x0000000081e00000, 0x0000000081f00000, 0x0000000081f00000|100%| O|  |TAMS 0x0000000081f00000, 0x0000000081e00000| Untracked 
|   3|0x0000000081f00000, 0x0000000082000000, 0x0000000082000000|100%| O|  |TAMS 0x0000000082000000, 0x0000000081f00000| Untracked 
|   4|0x0000000082000000, 0x0000000082100000, 0x0000000082100000|100%| O|  |TAMS 0x0000000082100000, 0x0000000082000000| Complete 
|   5|0x0000000082100000, 0x0000000082200000, 0x0000000082200000|100%| O|  |TAMS 0x0000000082200000, 0x0000000082100000| Complete 
|   6|0x0000000082200000, 0x0000000082300000, 0x0000000082300000|100%| O|  |TAMS 0x0000000082300000, 0x0000000082200000| Complete 
|   7|0x0000000082300000, 0x0000000082400000, 0x0000000082400000|100%| O|  |TAMS 0x0000000082400000, 0x0000000082300000| Untracked 
|   8|0x0000000082400000, 0x0000000082500000, 0x0000000082500000|100%| O|  |TAMS 0x0000000082500000, 0x0000000082400000| Untracked 
|   9|0x0000000082500000, 0x0000000082600000, 0x0000000082600000|100%| O|  |TAMS 0x0000000082600000, 0x0000000082500000| Untracked 
|  10|0x0000000082600000, 0x0000000082700000, 0x0000000082700000|100%| O|  |TAMS 0x0000000082700000, 0x0000000082600000| Untracked 
|  11|0x0000000082700000, 0x0000000082800000, 0x0000000082800000|100%| O|  |TAMS 0x0000000082800000, 0x0000000082700000| Untracked 
|  12|0x0000000082800000, 0x0000000082900000, 0x0000000082900000|100%| O|  |TAMS 0x0000000082900000, 0x0000000082800000| Untracked 
|  13|0x0000000082900000, 0x0000000082a00000, 0x0000000082a00000|100%| O|  |TAMS 0x0000000082a00000, 0x0000000082900000| Untracked 
|  14|0x0000000082a00000, 0x0000000082b00000, 0x0000000082b00000|100%| O|  |TAMS 0x0000000082b00000, 0x0000000082a00000| Untracked 
|  15|0x0000000082b00000, 0x0000000082c00000, 0x0000000082c00000|100%| O|  |TAMS 0x0000000082c00000, 0x0000000082b00000| Untracked 
|  16|0x0000000082c00000, 0x0000000082d00000, 0x0000000082d00000|100%| O|  |TAMS 0x0000000082d00000, 0x0000000082c00000| Untracked 
|  17|0x0000000082d00000, 0x0000000082e00000, 0x0000000082e00000|100%| O|  |TAMS 0x0000000082e00000, 0x0000000082d00000| Complete 
|  18|0x0000000082e00000, 0x0000000082f00000, 0x0000000082f00000|100%| O|  |TAMS 0x0000000082f00000, 0x0000000082e00000| Complete 
|  19|0x0000000082f00000, 0x0000000082f00000, 0x0000000083000000|  0%| F|  |TAMS 0x0000000082f00000, 0x0000000082f00000| Untracked 
|  20|0x0000000083000000, 0x0000000083000000, 0x0000000083100000|  0%| F|  |TAMS 0x0000000083000000, 0x0000000083000000| Untracked 
|  21|0x0000000083100000, 0x0000000083200000, 0x0000000083200000|100%| O|  |TAMS 0x0000000083200000, 0x0000000083100000| Complete 
|  22|0x0000000083200000, 0x0000000083300000, 0x0000000083300000|100%| O|  |TAMS 0x0000000083300000, 0x0000000083200000| Untracked 
|  23|0x0000000083300000, 0x0000000083400000, 0x0000000083400000|100%| O|  |TAMS 0x0000000083400000, 0x0000000083300000| Complete 
|  24|0x0000000083400000, 0x0000000083500000, 0x0000000083500000|100%| O|  |TAMS 0x0000000083500000, 0x0000000083400000| Complete 
|  25|0x0000000083500000, 0x0000000083600000, 0x0000000083600000|100%| O|  |TAMS 0x0000000083600000, 0x0000000083500000| Complete 
|  26|0x0000000083600000, 0x0000000083700000, 0x0000000083700000|100%| O|  |TAMS 0x0000000083700000, 0x0000000083600000| Untracked 
|  27|0x0000000083700000, 0x0000000083800000, 0x0000000083800000|100%| O|  |TAMS 0x0000000083800000, 0x0000000083700000| Untracked 
|  28|0x0000000083800000, 0x0000000083800000, 0x0000000083900000|  0%| F|  |TAMS 0x0000000083800000, 0x0000000083800000| Untracked 
|  29|0x0000000083900000, 0x0000000083900000, 0x0000000083a00000|  0%| F|  |TAMS 0x0000000083900000, 0x0000000083900000| Untracked 
|  30|0x0000000083a00000, 0x0000000083a00000, 0x0000000083b00000|  0%| F|  |TAMS 0x0000000083a00000, 0x0000000083a00000| Untracked 
|  31|0x0000000083b00000, 0x0000000083c00000, 0x0000000083c00000|100%| O|  |TAMS 0x0000000083c00000, 0x0000000083b00000| Complete 
|  32|0x0000000083c00000, 0x0000000083c00000, 0x0000000083d00000|  0%| F|  |TAMS 0x0000000083c00000, 0x0000000083c00000| Untracked 
|  33|0x0000000083d00000, 0x0000000083e00000, 0x0000000083e00000|100%| O|  |TAMS 0x0000000083e00000, 0x0000000083d00000| Complete 
|  34|0x0000000083e00000, 0x0000000083e00000, 0x0000000083f00000|  0%| F|  |TAMS 0x0000000083e00000, 0x0000000083e00000| Untracked 
|  35|0x0000000083f00000, 0x0000000084000000, 0x0000000084000000|100%| O|  |TAMS 0x0000000084000000, 0x0000000083f00000| Complete 
|  36|0x0000000084000000, 0x0000000084100000, 0x0000000084100000|100%| O|  |TAMS 0x0000000084100000, 0x0000000084000000| Complete 
|  37|0x0000000084100000, 0x0000000084200000, 0x0000000084200000|100%| O|  |TAMS 0x0000000084200000, 0x0000000084100000| Complete 
|  38|0x0000000084200000, 0x0000000084300000, 0x0000000084300000|100%| O|  |TAMS 0x0000000084300000, 0x0000000084200000| Complete 
|  39|0x0000000084300000, 0x0000000084400000, 0x0000000084400000|100%| O|  |TAMS 0x0000000084400000, 0x0000000084300000| Complete 
|  40|0x0000000084400000, 0x0000000084500000, 0x0000000084500000|100%| O|  |TAMS 0x0000000084500000, 0x0000000084400000| Complete 
|  41|0x0000000084500000, 0x0000000084600000, 0x0000000084600000|100%| O|  |TAMS 0x0000000084600000, 0x0000000084500000| Complete 
|  42|0x0000000084600000, 0x0000000084700000, 0x0000000084700000|100%| O|  |TAMS 0x0000000084700000, 0x0000000084600000| Complete 
|  43|0x0000000084700000, 0x0000000084800000, 0x0000000084800000|100%|HS|  |TAMS 0x0000000084800000, 0x0000000084700000| Complete 
|  44|0x0000000084800000, 0x0000000084900000, 0x0000000084900000|100%| O|  |TAMS 0x0000000084900000, 0x0000000084800000| Untracked 
|  45|0x0000000084900000, 0x0000000084a00000, 0x0000000084a00000|100%| O|  |TAMS 0x0000000084a00000, 0x0000000084900000| Complete 
|  46|0x0000000084a00000, 0x0000000084a00000, 0x0000000084b00000|  0%| F|  |TAMS 0x0000000084a00000, 0x0000000084a00000| Untracked 
|  47|0x0000000084b00000, 0x0000000084c00000, 0x0000000084c00000|100%| O|  |TAMS 0x0000000084c00000, 0x0000000084b00000| Complete 
|  48|0x0000000084c00000, 0x0000000084d00000, 0x0000000084d00000|100%| O|  |TAMS 0x0000000084d00000, 0x0000000084c00000| Complete 
|  49|0x0000000084d00000, 0x0000000084e00000, 0x0000000084e00000|100%| O|  |TAMS 0x0000000084e00000, 0x0000000084d00000| Complete 
|  50|0x0000000084e00000, 0x0000000084f00000, 0x0000000084f00000|100%| O|  |TAMS 0x0000000084f00000, 0x0000000084e00000| Untracked 
|  51|0x0000000084f00000, 0x0000000085000000, 0x0000000085000000|100%| O|  |TAMS 0x0000000085000000, 0x0000000084f00000| Complete 
|  52|0x0000000085000000, 0x0000000085100000, 0x0000000085100000|100%|HS|  |TAMS 0x0000000085100000, 0x0000000085000000| Complete 
|  53|0x0000000085100000, 0x0000000085100000, 0x0000000085200000|  0%| F|  |TAMS 0x0000000085100000, 0x0000000085100000| Untracked 
|  54|0x0000000085200000, 0x0000000085300000, 0x0000000085300000|100%| O|  |TAMS 0x0000000085300000, 0x0000000085200000| Complete 
|  55|0x0000000085300000, 0x0000000085400000, 0x0000000085400000|100%| O|  |TAMS 0x0000000085400000, 0x0000000085300000| Untracked 
|  56|0x0000000085400000, 0x0000000085500000, 0x0000000085500000|100%| O|  |TAMS 0x0000000085500000, 0x0000000085400000| Untracked 
|  57|0x0000000085500000, 0x0000000085600000, 0x0000000085600000|100%| O|  |TAMS 0x0000000085600000, 0x0000000085500000| Untracked 
|  58|0x0000000085600000, 0x0000000085700000, 0x0000000085700000|100%| O|  |TAMS 0x0000000085700000, 0x0000000085600000| Untracked 
|  59|0x0000000085700000, 0x0000000085800000, 0x0000000085800000|100%| O|  |TAMS 0x0000000085800000, 0x0000000085700000| Untracked 
|  60|0x0000000085800000, 0x0000000085900000, 0x0000000085900000|100%| O|  |TAMS 0x0000000085900000, 0x0000000085800000| Complete 
|  61|0x0000000085900000, 0x0000000085a00000, 0x0000000085a00000|100%| O|  |TAMS 0x0000000085a00000, 0x0000000085900000| Complete 
|  62|0x0000000085a00000, 0x0000000085b00000, 0x0000000085b00000|100%| O|  |TAMS 0x0000000085b00000, 0x0000000085a00000| Complete 
|  63|0x0000000085b00000, 0x0000000085c00000, 0x0000000085c00000|100%| O|  |TAMS 0x0000000085c00000, 0x0000000085b00000| Complete 
|  64|0x0000000085c00000, 0x0000000085d00000, 0x0000000085d00000|100%| O|  |TAMS 0x0000000085d00000, 0x0000000085c00000| Complete 
|  65|0x0000000085d00000, 0x0000000085e00000, 0x0000000085e00000|100%| O|  |TAMS 0x0000000085e00000, 0x0000000085d00000| Untracked 
|  66|0x0000000085e00000, 0x0000000085f00000, 0x0000000085f00000|100%| O|  |TAMS 0x0000000085f00000, 0x0000000085e00000| Complete 
|  67|0x0000000085f00000, 0x0000000086000000, 0x0000000086000000|100%| O|  |TAMS 0x0000000086000000, 0x0000000085f00000| Untracked 
|  68|0x0000000086000000, 0x0000000086100000, 0x0000000086100000|100%| O|  |TAMS 0x0000000086100000, 0x0000000086000000| Complete 
|  69|0x0000000086100000, 0x0000000086200000, 0x0000000086200000|100%| O|  |TAMS 0x0000000086200000, 0x0000000086100000| Untracked 
|  70|0x0000000086200000, 0x0000000086300000, 0x0000000086300000|100%| O|  |TAMS 0x0000000086300000, 0x0000000086200000| Complete 
|  71|0x0000000086300000, 0x0000000086400000, 0x0000000086400000|100%| O|  |TAMS 0x0000000086400000, 0x0000000086300000| Complete 
|  72|0x0000000086400000, 0x0000000086500000, 0x0000000086500000|100%| O|  |TAMS 0x0000000086500000, 0x0000000086400000| Complete 
|  73|0x0000000086500000, 0x0000000086600000, 0x0000000086600000|100%| O|  |TAMS 0x0000000086600000, 0x0000000086500000| Untracked 
|  74|0x0000000086600000, 0x0000000086700000, 0x0000000086700000|100%| O|  |TAMS 0x0000000086700000, 0x0000000086600000| Untracked 
|  75|0x0000000086700000, 0x0000000086800000, 0x0000000086800000|100%| O|  |TAMS 0x0000000086800000, 0x0000000086700000| Untracked 
|  76|0x0000000086800000, 0x0000000086887200, 0x0000000086900000| 52%| O|  |TAMS 0x0000000086887200, 0x0000000086800000| Untracked 
|  77|0x0000000086900000, 0x0000000086900000, 0x0000000086a00000|  0%| F|  |TAMS 0x0000000086900000, 0x0000000086900000| Untracked 
|  78|0x0000000086a00000, 0x0000000086a00000, 0x0000000086b00000|  0%| F|  |TAMS 0x0000000086a00000, 0x0000000086a00000| Untracked 
|  79|0x0000000086b00000, 0x0000000086b00000, 0x0000000086c00000|  0%| F|  |TAMS 0x0000000086b00000, 0x0000000086b00000| Untracked 
|  80|0x0000000086c00000, 0x0000000086c00000, 0x0000000086d00000|  0%| F|  |TAMS 0x0000000086c00000, 0x0000000086c00000| Untracked 
|  81|0x0000000086d00000, 0x0000000086d00000, 0x0000000086e00000|  0%| F|  |TAMS 0x0000000086d00000, 0x0000000086d00000| Untracked 
|  82|0x0000000086e00000, 0x0000000086e00000, 0x0000000086f00000|  0%| F|  |TAMS 0x0000000086e00000, 0x0000000086e00000| Untracked 
|  83|0x0000000086f00000, 0x0000000086f00000, 0x0000000087000000|  0%| F|  |TAMS 0x0000000086f00000, 0x0000000086f00000| Untracked 
|  84|0x0000000087000000, 0x0000000087000000, 0x0000000087100000|  0%| F|  |TAMS 0x0000000087000000, 0x0000000087000000| Untracked 
|  85|0x0000000087100000, 0x0000000087100000, 0x0000000087200000|  0%| F|  |TAMS 0x0000000087100000, 0x0000000087100000| Untracked 
|  86|0x0000000087200000, 0x0000000087200000, 0x0000000087300000|  0%| F|  |TAMS 0x0000000087200000, 0x0000000087200000| Untracked 
|  87|0x0000000087300000, 0x0000000087300000, 0x0000000087400000|  0%| F|  |TAMS 0x0000000087300000, 0x0000000087300000| Untracked 
|  88|0x0000000087400000, 0x0000000087400000, 0x0000000087500000|  0%| F|  |TAMS 0x0000000087400000, 0x0000000087400000| Untracked 
|  89|0x0000000087500000, 0x0000000087500000, 0x0000000087600000|  0%| F|  |TAMS 0x0000000087500000, 0x0000000087500000| Untracked 
|  90|0x0000000087600000, 0x0000000087600000, 0x0000000087700000|  0%| F|  |TAMS 0x0000000087600000, 0x0000000087600000| Untracked 
|  91|0x0000000087700000, 0x0000000087700000, 0x0000000087800000|  0%| F|  |TAMS 0x0000000087700000, 0x0000000087700000| Untracked 
|  92|0x0000000087800000, 0x0000000087800000, 0x0000000087900000|  0%| F|  |TAMS 0x0000000087800000, 0x0000000087800000| Untracked 
|  93|0x0000000087900000, 0x0000000087900000, 0x0000000087a00000|  0%| F|  |TAMS 0x0000000087900000, 0x0000000087900000| Untracked 
|  94|0x0000000087a00000, 0x0000000087a00000, 0x0000000087b00000|  0%| F|  |TAMS 0x0000000087a00000, 0x0000000087a00000| Untracked 
|  95|0x0000000087b00000, 0x0000000087b00000, 0x0000000087c00000|  0%| F|  |TAMS 0x0000000087b00000, 0x0000000087b00000| Untracked 
|  96|0x0000000087c00000, 0x0000000087c00000, 0x0000000087d00000|  0%| F|  |TAMS 0x0000000087c00000, 0x0000000087c00000| Untracked 
|  97|0x0000000087d00000, 0x0000000087d00000, 0x0000000087e00000|  0%| F|  |TAMS 0x0000000087d00000, 0x0000000087d00000| Untracked 
|  98|0x0000000087e00000, 0x0000000087e00000, 0x0000000087f00000|  0%| F|  |TAMS 0x0000000087e00000, 0x0000000087e00000| Untracked 
|  99|0x0000000087f00000, 0x0000000087f00000, 0x0000000088000000|  0%| F|  |TAMS 0x0000000087f00000, 0x0000000087f00000| Untracked 
| 100|0x0000000088000000, 0x0000000088000000, 0x0000000088100000|  0%| F|  |TAMS 0x0000000088000000, 0x0000000088000000| Untracked 
| 101|0x0000000088100000, 0x0000000088100000, 0x0000000088200000|  0%| F|  |TAMS 0x0000000088100000, 0x0000000088100000| Untracked 
| 102|0x0000000088200000, 0x0000000088200000, 0x0000000088300000|  0%| F|  |TAMS 0x0000000088200000, 0x0000000088200000| Untracked 
| 103|0x0000000088300000, 0x0000000088300000, 0x0000000088400000|  0%| F|  |TAMS 0x0000000088300000, 0x0000000088300000| Untracked 
| 104|0x0000000088400000, 0x0000000088400000, 0x0000000088500000|  0%| F|  |TAMS 0x0000000088400000, 0x0000000088400000| Untracked 
| 105|0x0000000088500000, 0x0000000088500000, 0x0000000088600000|  0%| F|  |TAMS 0x0000000088500000, 0x0000000088500000| Untracked 
| 106|0x0000000088600000, 0x0000000088700000, 0x0000000088700000|100%| O|  |TAMS 0x0000000088700000, 0x0000000088600000| Complete 
| 107|0x0000000088700000, 0x0000000088700000, 0x0000000088800000|  0%| F|  |TAMS 0x0000000088700000, 0x0000000088700000| Untracked 
| 108|0x0000000088800000, 0x0000000088800000, 0x0000000088900000|  0%| F|  |TAMS 0x0000000088800000, 0x0000000088800000| Untracked 
| 109|0x0000000088900000, 0x0000000088900000, 0x0000000088a00000|  0%| F|  |TAMS 0x0000000088900000, 0x0000000088900000| Untracked 
| 110|0x0000000088a00000, 0x0000000088a00000, 0x0000000088b00000|  0%| F|  |TAMS 0x0000000088a00000, 0x0000000088a00000| Untracked 
| 111|0x0000000088b00000, 0x0000000088b00000, 0x0000000088c00000|  0%| F|  |TAMS 0x0000000088b00000, 0x0000000088b00000| Untracked 
| 112|0x0000000088c00000, 0x0000000088c00000, 0x0000000088d00000|  0%| F|  |TAMS 0x0000000088c00000, 0x0000000088c00000| Untracked 
| 113|0x0000000088d00000, 0x0000000088d00000, 0x0000000088e00000|  0%| F|  |TAMS 0x0000000088d00000, 0x0000000088d00000| Untracked 
| 114|0x0000000088e00000, 0x0000000088e00000, 0x0000000088f00000|  0%| F|  |TAMS 0x0000000088e00000, 0x0000000088e00000| Untracked 
| 115|0x0000000088f00000, 0x0000000088f00000, 0x0000000089000000|  0%| F|  |TAMS 0x0000000088f00000, 0x0000000088f00000| Untracked 
| 116|0x0000000089000000, 0x0000000089000000, 0x0000000089100000|  0%| F|  |TAMS 0x0000000089000000, 0x0000000089000000| Untracked 
| 117|0x0000000089100000, 0x0000000089100000, 0x0000000089200000|  0%| F|  |TAMS 0x0000000089100000, 0x0000000089100000| Untracked 
| 118|0x0000000089200000, 0x0000000089200000, 0x0000000089300000|  0%| F|  |TAMS 0x0000000089200000, 0x0000000089200000| Untracked 
| 119|0x0000000089300000, 0x00000000893a57e8, 0x0000000089400000| 64%| S|CS|TAMS 0x0000000089300000, 0x0000000089300000| Complete 
| 120|0x0000000089400000, 0x0000000089500000, 0x0000000089500000|100%| S|CS|TAMS 0x0000000089400000, 0x0000000089400000| Complete 
| 121|0x0000000089500000, 0x0000000089500000, 0x0000000089600000|  0%| F|  |TAMS 0x0000000089500000, 0x0000000089500000| Untracked 
| 122|0x0000000089600000, 0x0000000089600000, 0x0000000089700000|  0%| F|  |TAMS 0x0000000089600000, 0x0000000089600000| Untracked 
| 123|0x0000000089700000, 0x0000000089700800, 0x0000000089800000|  0%| E|  |TAMS 0x0000000089700000, 0x0000000089700000| Complete 
| 124|0x0000000089800000, 0x0000000089900000, 0x0000000089900000|100%| E|CS|TAMS 0x0000000089800000, 0x0000000089800000| Complete 
| 125|0x0000000089900000, 0x0000000089a00000, 0x0000000089a00000|100%| E|CS|TAMS 0x0000000089900000, 0x0000000089900000| Complete 
| 126|0x0000000089a00000, 0x0000000089b00000, 0x0000000089b00000|100%| E|CS|TAMS 0x0000000089a00000, 0x0000000089a00000| Complete 
| 127|0x0000000089b00000, 0x0000000089c00000, 0x0000000089c00000|100%| E|CS|TAMS 0x0000000089b00000, 0x0000000089b00000| Complete 
| 128|0x0000000089c00000, 0x0000000089d00000, 0x0000000089d00000|100%| E|CS|TAMS 0x0000000089c00000, 0x0000000089c00000| Complete 
| 129|0x0000000089d00000, 0x0000000089e00000, 0x0000000089e00000|100%| E|CS|TAMS 0x0000000089d00000, 0x0000000089d00000| Complete 
| 130|0x0000000089e00000, 0x0000000089f00000, 0x0000000089f00000|100%| E|CS|TAMS 0x0000000089e00000, 0x0000000089e00000| Complete 
| 131|0x0000000089f00000, 0x000000008a000000, 0x000000008a000000|100%| E|CS|TAMS 0x0000000089f00000, 0x0000000089f00000| Complete 
| 132|0x000000008a000000, 0x000000008a100000, 0x000000008a100000|100%| E|CS|TAMS 0x000000008a000000, 0x000000008a000000| Complete 
| 133|0x000000008a100000, 0x000000008a200000, 0x000000008a200000|100%| E|CS|TAMS 0x000000008a100000, 0x000000008a100000| Complete 
| 134|0x000000008a200000, 0x000000008a300000, 0x000000008a300000|100%| E|CS|TAMS 0x000000008a200000, 0x000000008a200000| Complete 
| 135|0x000000008a300000, 0x000000008a400000, 0x000000008a400000|100%| E|CS|TAMS 0x000000008a300000, 0x000000008a300000| Complete 
| 136|0x000000008a400000, 0x000000008a500000, 0x000000008a500000|100%| E|CS|TAMS 0x000000008a400000, 0x000000008a400000| Complete 
| 137|0x000000008a500000, 0x000000008a600000, 0x000000008a600000|100%| E|CS|TAMS 0x000000008a500000, 0x000000008a500000| Complete 
| 138|0x000000008a600000, 0x000000008a700000, 0x000000008a700000|100%| E|CS|TAMS 0x000000008a600000, 0x000000008a600000| Complete 
| 139|0x000000008a700000, 0x000000008a800000, 0x000000008a800000|100%| E|CS|TAMS 0x000000008a700000, 0x000000008a700000| Complete 
| 140|0x000000008a800000, 0x000000008a900000, 0x000000008a900000|100%| E|CS|TAMS 0x000000008a800000, 0x000000008a800000| Complete 
| 141|0x000000008a900000, 0x000000008aa00000, 0x000000008aa00000|100%| E|CS|TAMS 0x000000008a900000, 0x000000008a900000| Complete 
| 142|0x000000008aa00000, 0x000000008ab00000, 0x000000008ab00000|100%| E|CS|TAMS 0x000000008aa00000, 0x000000008aa00000| Complete 
| 143|0x000000008ab00000, 0x000000008ac00000, 0x000000008ac00000|100%| E|CS|TAMS 0x000000008ab00000, 0x000000008ab00000| Complete 
| 144|0x000000008ac00000, 0x000000008ad00000, 0x000000008ad00000|100%| E|CS|TAMS 0x000000008ac00000, 0x000000008ac00000| Complete 
| 145|0x000000008ad00000, 0x000000008ae00000, 0x000000008ae00000|100%| E|CS|TAMS 0x000000008ad00000, 0x000000008ad00000| Complete 
| 146|0x000000008ae00000, 0x000000008af00000, 0x000000008af00000|100%| E|CS|TAMS 0x000000008ae00000, 0x000000008ae00000| Complete 
| 147|0x000000008af00000, 0x000000008b000000, 0x000000008b000000|100%| E|CS|TAMS 0x000000008af00000, 0x000000008af00000| Complete 
| 148|0x000000008b000000, 0x000000008b100000, 0x000000008b100000|100%| E|CS|TAMS 0x000000008b000000, 0x000000008b000000| Complete 
| 149|0x000000008b100000, 0x000000008b200000, 0x000000008b200000|100%| E|CS|TAMS 0x000000008b100000, 0x000000008b100000| Complete 
| 150|0x000000008b200000, 0x000000008b300000, 0x000000008b300000|100%| E|CS|TAMS 0x000000008b200000, 0x000000008b200000| Complete 
| 151|0x000000008b300000, 0x000000008b400000, 0x000000008b400000|100%| E|CS|TAMS 0x000000008b300000, 0x000000008b300000| Complete 
| 152|0x000000008b400000, 0x000000008b500000, 0x000000008b500000|100%| E|CS|TAMS 0x000000008b400000, 0x000000008b400000| Complete 
| 153|0x000000008b500000, 0x000000008b600000, 0x000000008b600000|100%| E|CS|TAMS 0x000000008b500000, 0x000000008b500000| Complete 
| 154|0x000000008b600000, 0x000000008b700000, 0x000000008b700000|100%| E|CS|TAMS 0x000000008b600000, 0x000000008b600000| Complete 
| 155|0x000000008b700000, 0x000000008b800000, 0x000000008b800000|100%| E|CS|TAMS 0x000000008b700000, 0x000000008b700000| Complete 
| 156|0x000000008b800000, 0x000000008b900000, 0x000000008b900000|100%| E|CS|TAMS 0x000000008b800000, 0x000000008b800000| Complete 
| 157|0x000000008b900000, 0x000000008ba00000, 0x000000008ba00000|100%| E|CS|TAMS 0x000000008b900000, 0x000000008b900000| Complete 
| 158|0x000000008ba00000, 0x000000008bb00000, 0x000000008bb00000|100%| E|CS|TAMS 0x000000008ba00000, 0x000000008ba00000| Complete 
| 159|0x000000008bb00000, 0x000000008bc00000, 0x000000008bc00000|100%| E|CS|TAMS 0x000000008bb00000, 0x000000008bb00000| Complete 
| 160|0x000000008bc00000, 0x000000008bd00000, 0x000000008bd00000|100%| E|CS|TAMS 0x000000008bc00000, 0x000000008bc00000| Complete 
| 161|0x000000008bd00000, 0x000000008be00000, 0x000000008be00000|100%| E|CS|TAMS 0x000000008bd00000, 0x000000008bd00000| Complete 

Card table byte_map: [0x000002bdcf660000,0x000002bdcfa60000] _byte_map_base: 0x000002bdcf252000

Marking Bits (Prev, Next): (CMBitMap*) 0x000002bdb7b56a98, (CMBitMap*) 0x000002bdb7b56ad8
 Prev Bits: [0x000002bdcfe60000, 0x000002bdd1df0000)
 Next Bits: [0x000002bdd1df0000, 0x000002bdd3d80000)

Polling page: 0x000002bdb5cc0000

Metaspace:

Usage:
  Non-class:     26.95 MB capacity,    26.39 MB ( 98%) used,   507.69 KB (  2%) free+waste,    64.94 KB ( <1%) overhead. 
      Class:      3.45 MB capacity,     3.11 MB ( 90%) used,   318.41 KB (  9%) free+waste,    27.56 KB ( <1%) overhead. 
       Both:     30.40 MB capacity,    29.50 MB ( 97%) used,   826.10 KB (  3%) free+waste,    92.50 KB ( <1%) overhead. 

Virtual space:
  Non-class space:       28.00 MB reserved,      27.00 MB ( 96%) committed 
      Class space:        1.00 GB reserved,       3.50 MB ( <1%) committed 
             Both:        1.03 GB reserved,      30.50 MB (  3%) committed 

Chunk freelists:
   Non-Class:  5.88 KB
       Class:  2.88 KB
        Both:  8.75 KB

CodeHeap 'non-profiled nmethods': size=120000Kb used=4080Kb max_used=4249Kb free=115919Kb
 bounds [0x000002bdc7a00000, 0x000002bdc7e30000, 0x000002bdcef30000]
CodeHeap 'profiled nmethods': size=120000Kb used=15857Kb max_used=16659Kb free=104142Kb
 bounds [0x000002bdc04d0000, 0x000002bdc1540000, 0x000002bdc7a00000]
CodeHeap 'non-nmethods': size=5760Kb used=1197Kb max_used=1245Kb free=4563Kb
 bounds [0x000002bdbff30000, 0x000002bdc01a0000, 0x000002bdc04d0000]
 total_blobs=10249 nmethods=6524 adapters=448
 compilation: enabled
              stopped_count=0, restarted_count=0
 full_count=0

Compilation events (10 events):
Event: 13.163 Thread 0x000002bdd67ff800 7781       3       java.lang.ProcessEnvironment$CheckedEntrySet$1::next (20 bytes)
Event: 13.164 Thread 0x000002bdd67ff800 nmethod 7781 0x000002bdc074d790 code [0x000002bdc074d980, 0x000002bdc074de90]
Event: 13.166 Thread 0x000002bdd67ff800 7782       3       java.lang.ProcessEnvironment$CheckedEntrySet$1::next (5 bytes)
Event: 13.166 Thread 0x000002bdd67ff800 nmethod 7782 0x000002bdc074fd10 code [0x000002bdc074ff00, 0x000002bdc0750470]
Event: 13.166 Thread 0x000002bdd67ff800 7783       3       java.lang.ProcessEnvironment$NameComparator::compare (90 bytes)
Event: 13.167 Thread 0x000002bdd67ff800 nmethod 7783 0x000002bdc095fe10 code [0x000002bdc0960140, 0x000002bdc09614a0]
Event: 13.167 Thread 0x000002bdd67ff800 7784       3       java.lang.ProcessEnvironment$CheckedEntry::getKey (5 bytes)
Event: 13.168 Thread 0x000002bdd67ff800 nmethod 7784 0x000002bdc06e3210 code [0x000002bdc06e33e0, 0x000002bdc06e3790]
Event: 13.168 Thread 0x000002bdd67ff800 7785       3       java.lang.ProcessEnvironment$CheckedEntry::getKey (13 bytes)
Event: 13.168 Thread 0x000002bdd67ff800 nmethod 7785 0x000002bdc06e6d90 code [0x000002bdc06e6f60, 0x000002bdc06e72b0]

GC Heap History (10 events):
Event: 10.866 GC heap before
{Heap before GC invocations=15 (full 0):
 garbage-first heap   total 138240K, used 108502K [0x0000000081c00000, 0x0000000100000000)
  region size 1024K, 51 young (52224K), 5 survivors (5120K)
 Metaspace       used 28238K, capacity 29091K, committed 29312K, reserved 1075200K
  class space    used 3028K, capacity 3342K, committed 3456K, reserved 1048576K
}
Event: 10.884 GC heap after
{Heap after GC invocations=16 (full 0):
 garbage-first heap   total 138240K, used 71732K [0x0000000081c00000, 0x0000000100000000)
  region size 1024K, 7 young (7168K), 7 survivors (7168K)
 Metaspace       used 28238K, capacity 29091K, committed 29312K, reserved 1075200K
  class space    used 3028K, capacity 3342K, committed 3456K, reserved 1048576K
}
Event: 11.276 GC heap before
{Heap before GC invocations=16 (full 0):
 garbage-first heap   total 138240K, used 107572K [0x0000000081c00000, 0x0000000100000000)
  region size 1024K, 43 young (44032K), 7 survivors (7168K)
 Metaspace       used 28261K, capacity 29091K, committed 29312K, reserved 1075200K
  class space    used 3028K, capacity 3342K, committed 3456K, reserved 1048576K
}
Event: 11.288 GC heap after
{Heap after GC invocations=17 (full 0):
 garbage-first heap   total 138240K, used 77912K [0x0000000081c00000, 0x0000000100000000)
  region size 1024K, 6 young (6144K), 6 survivors (6144K)
 Metaspace       used 28261K, capacity 29091K, committed 29312K, reserved 1075200K
  class space    used 3028K, capacity 3342K, committed 3456K, reserved 1048576K
}
Event: 12.077 GC heap before
{Heap before GC invocations=18 (full 0):
 garbage-first heap   total 138240K, used 105560K [0x0000000081c00000, 0x0000000100000000)
  region size 1024K, 36 young (36864K), 6 survivors (6144K)
 Metaspace       used 27228K, capacity 28131K, committed 29312K, reserved 1075200K
  class space    used 2901K, capacity 3215K, committed 3456K, reserved 1048576K
}
Event: 12.083 GC heap after
{Heap after GC invocations=19 (full 0):
 garbage-first heap   total 138240K, used 80871K [0x0000000081c00000, 0x0000000100000000)
  region size 1024K, 5 young (5120K), 5 survivors (5120K)
 Metaspace       used 27228K, capacity 28131K, committed 29312K, reserved 1075200K
  class space    used 2901K, capacity 3215K, committed 3456K, reserved 1048576K
}
Event: 12.095 GC heap before
{Heap before GC invocations=19 (full 0):
 garbage-first heap   total 138240K, used 80871K [0x0000000081c00000, 0x0000000100000000)
  region size 1024K, 6 young (6144K), 5 survivors (5120K)
 Metaspace       used 27259K, capacity 28131K, committed 29312K, reserved 1075200K
  class space    used 2908K, capacity 3215K, committed 3456K, reserved 1048576K
}
Event: 12.100 GC heap after
{Heap after GC invocations=20 (full 0):
 garbage-first heap   total 165888K, used 79082K [0x0000000081c00000, 0x0000000100000000)
  region size 1024K, 1 young (1024K), 1 survivors (1024K)
 Metaspace       used 27259K, capacity 28131K, committed 29312K, reserved 1075200K
  class space    used 2908K, capacity 3215K, committed 3456K, reserved 1048576K
}
Event: 12.648 GC heap before
{Heap before GC invocations=20 (full 0):
 garbage-first heap   total 165888K, used 119018K [0x0000000081c00000, 0x0000000100000000)
  region size 1024K, 41 young (41984K), 1 survivors (1024K)
 Metaspace       used 28548K, capacity 29396K, committed 29568K, reserved 1075200K
  class space    used 3032K, capacity 3359K, committed 3456K, reserved 1048576K
}
Event: 12.653 GC heap after
{Heap after GC invocations=21 (full 0):
 garbage-first heap   total 165888K, used 79026K [0x0000000081c00000, 0x0000000100000000)
  region size 1024K, 2 young (2048K), 2 survivors (2048K)
 Metaspace       used 28548K, capacity 29396K, committed 29568K, reserved 1075200K
  class space    used 3032K, capacity 3359K, committed 3456K, reserved 1048576K
}

Deoptimization events (10 events):
Event: 12.898 Thread 0x000002bdb5aee800 Uncommon trap: reason=class_check action=maybe_recompile pc=0x000002bdc7cb0ec0 method=java.util.Collections$3.hasMoreElements()Z @ 4 c2
Event: 12.898 Thread 0x000002bdb5aee800 Uncommon trap: reason=class_check action=maybe_recompile pc=0x000002bdc7cb0ec0 method=java.util.Collections$3.hasMoreElements()Z @ 4 c2
Event: 12.913 Thread 0x000002bdb5aee800 Uncommon trap: reason=unstable_if action=reinterpret pc=0x000002bdc7b0bea0 method=java.lang.String.trim()Ljava/lang/String; @ 4 c2
Event: 12.956 Thread 0x000002bddb2f0800 Uncommon trap: reason=bimorphic_or_optimized_type_check action=maybe_recompile pc=0x000002bdc7adc29c method=java.util.concurrent.locks.AbstractQueuedSynchronizer.release(I)Z @ 2 c2
Event: 12.956 Thread 0x000002bdd8e2a800 Uncommon trap: reason=bimorphic_or_optimized_type_check action=maybe_recompile pc=0x000002bdc7adc29c method=java.util.concurrent.locks.AbstractQueuedSynchronizer.release(I)Z @ 2 c2
Event: 12.956 Thread 0x000002bddb2f0800 Uncommon trap: reason=bimorphic_or_optimized_type_check action=maybe_recompile pc=0x000002bdc7adc29c method=java.util.concurrent.locks.AbstractQueuedSynchronizer.release(I)Z @ 2 c2
Event: 12.956 Thread 0x000002bdd8cf8000 Uncommon trap: reason=bimorphic_or_optimized_type_check action=maybe_recompile pc=0x000002bdc7adc29c method=java.util.concurrent.locks.AbstractQueuedSynchronizer.release(I)Z @ 2 c2
Event: 12.958 Thread 0x000002bdd8e2a800 Uncommon trap: reason=unstable_if action=reinterpret pc=0x000002bdc7af4020 method=java.util.concurrent.locks.AbstractQueuedSynchronizer.doReleaseShared()V @ 6 c2
Event: 13.040 Thread 0x000002bdd8e2a800 Uncommon trap: reason=unstable_if action=reinterpret pc=0x000002bdc7e26314 method=java.util.concurrent.locks.ReentrantLock$Sync.nonfairTryAcquire(I)Z @ 19 c2
Event: 13.163 Thread 0x000002bdb5aee800 Uncommon trap: reason=class_check action=maybe_recompile pc=0x000002bdc7bc3e9c method=java.util.Collections$UnmodifiableMap$UnmodifiableEntrySet$1.<init>(Ljava/util/Collections$UnmodifiableMap$UnmodifiableEntrySet;)V @ 17 c2

Classes redefined (0 events):
No events

Internal exceptions (10 events):
Event: 12.621 Thread 0x000002bdb5aee800 Exception <a 'sun/nio/fs/WindowsException'{0x000000008967d7b8}> (0x000000008967d7b8) thrown at [t:/workspace/open/src/hotspot/share/prims/jni.cpp, line 615]
Event: 12.628 Thread 0x000002bdb5aee800 Exception <a 'sun/nio/fs/WindowsException'{0x00000000896c48b8}> (0x00000000896c48b8) thrown at [t:/workspace/open/src/hotspot/share/prims/jni.cpp, line 615]
Event: 12.628 Thread 0x000002bdb5aee800 Exception <a 'sun/nio/fs/WindowsException'{0x00000000896c4fc0}> (0x00000000896c4fc0) thrown at [t:/workspace/open/src/hotspot/share/prims/jni.cpp, line 615]
Event: 12.628 Thread 0x000002bdb5aee800 Exception <a 'sun/nio/fs/WindowsException'{0x00000000896c5a08}> (0x00000000896c5a08) thrown at [t:/workspace/open/src/hotspot/share/prims/jni.cpp, line 615]
Event: 12.869 Thread 0x000002bddb82a000 Implicit null exception at 0x000002bdc7b2221d to 0x000002bdc7b22306
Event: 12.875 Thread 0x000002bdb5aee800 Exception <a 'java/lang/NoSuchMethodError'{0x000000008b0eddb8}: org.apache.maven.execution.MavenExecutionRequest.getFailureBehavior()Ljava/lang/String;> (0x000000008b0eddb8) thrown at [t:/workspace/open/src/hotspot/share/interpreter/linkResolver.cpp, line
Event: 12.877 Thread 0x000002bddb82a000 Exception <a 'java/lang/NoSuchMethodError'{0x000000008b144e30}: java.lang.invoke.DirectMethodHandle$Holder.invokeStatic(Ljava/lang/Object;Ljava/lang/Object;JLjava/lang/Object;)Ljava/lang/Object;> (0x000000008b144e30) thrown at [t:/workspace/open/src/hotsp
Event: 12.878 Thread 0x000002bddb82a000 Exception <a 'java/lang/NoSuchMethodError'{0x000000008b147dc0}: java.lang.invoke.DirectMethodHandle$Holder.invokeStaticInit(Ljava/lang/Object;Ljava/lang/Object;JLjava/lang/Object;)Ljava/lang/Object;> (0x000000008b147dc0) thrown at [t:/workspace/open/src/h
Event: 12.878 Thread 0x000002bddb82a000 Exception <a 'java/lang/NoSuchMethodError'{0x000000008b14d910}: java.lang.invoke.Invokers$Holder.linkToTargetMethod(Ljava/lang/Object;JLjava/lang/Object;)Ljava/lang/Object;> (0x000000008b14d910) thrown at [t:/workspace/open/src/hotspot/share/interpreter/l
Event: 13.175 Thread 0x000002bdb5aee800 Exception <a 'java/lang/NoSuchMethodError'{0x00000000898210d8}: java.lang.invoke.DirectMethodHandle$Holder.invokeStatic(Ljava/lang/Object;J)V> (0x00000000898210d8) thrown at [t:/workspace/open/src/hotspot/share/interpreter/linkResolver.cpp, line 777]

Events (10 events):
Event: 13.181 Thread 0x000002bdd8b7a800 Thread added: 0x000002bdd8b7a800
Event: 13.181 Thread 0x000002bdd8b7c800 Thread added: 0x000002bdd8b7c800
Event: 13.181 loading class org/apache/maven/surefire/shade/org/apache/maven/shared/utils/cli/CommandLineUtils$1
Event: 13.181 loading class org/apache/maven/surefire/shade/org/apache/maven/shared/utils/cli/CommandLineUtils$1 done
Event: 13.181 loading class org/apache/maven/surefire/shade/org/apache/maven/shared/utils/cli/CommandLineUtils$1
Event: 13.181 loading class org/apache/maven/surefire/shade/org/apache/maven/shared/utils/cli/CommandLineUtils$1 done
Event: 13.182 loading class org/apache/maven/surefire/shade/org/apache/maven/shared/utils/cli/CommandLineTimeOutException
Event: 13.182 loading class org/apache/maven/surefire/shade/org/apache/maven/shared/utils/cli/CommandLineTimeOutException done
Event: 13.182 loading class org/apache/maven/surefire/shade/org/apache/maven/shared/utils/cli/CommandLineTimeOutException
Event: 13.182 loading class org/apache/maven/surefire/shade/org/apache/maven/shared/utils/cli/CommandLineTimeOutException done


Dynamic libraries:
0x00007ff682ba0000 - 0x00007ff682baf000 	C:\Program Files\Java\jdk-12.0.2\bin\javaw.exe
0x00007fff7a550000 - 0x00007fff7a745000 	C:\WINDOWS\SYSTEM32\ntdll.dll
0x00007fff7a250000 - 0x00007fff7a30d000 	C:\WINDOWS\System32\KERNEL32.DLL
0x00007fff77fd0000 - 0x00007fff78298000 	C:\WINDOWS\System32\KERNELBASE.dll
0x00007fff78370000 - 0x00007fff78470000 	C:\WINDOWS\System32\ucrtbase.dll
0x00007fff6ec40000 - 0x00007fff6ec58000 	C:\Program Files\Java\jdk-12.0.2\bin\jli.dll
0x00007fff790d0000 - 0x00007fff7917c000 	C:\WINDOWS\System32\ADVAPI32.dll
0x00007fff78f70000 - 0x00007fff7900e000 	C:\WINDOWS\System32\msvcrt.dll
0x00007fff61480000 - 0x00007fff61496000 	C:\Program Files\Java\jdk-12.0.2\bin\VCRUNTIME140.dll
0x00007fff79900000 - 0x00007fff7999b000 	C:\WINDOWS\System32\sechost.dll
0x00007fff799a0000 - 0x00007fff79acb000 	C:\WINDOWS\System32\RPCRT4.dll
0x00007fff7a370000 - 0x00007fff7a510000 	C:\WINDOWS\System32\USER32.dll
0x00007fff5dc00000 - 0x00007fff5de9a000 	C:\WINDOWS\WinSxS\amd64_microsoft.windows.common-controls_6595b64144ccf1df_6.0.19041.844_none_ca00b6081b84eb1d\COMCTL32.dll
0x00007fff78470000 - 0x00007fff78492000 	C:\WINDOWS\System32\win32u.dll
0x00007fff79010000 - 0x00007fff7903a000 	C:\WINDOWS\System32\GDI32.dll
0x00007fff77df0000 - 0x00007fff77efb000 	C:\WINDOWS\System32\gdi32full.dll
0x00007fff782a0000 - 0x00007fff7833d000 	C:\WINDOWS\System32\msvcp_win.dll
0x00007fff702b0000 - 0x00007fff702ba000 	C:\WINDOWS\SYSTEM32\VERSION.dll
0x00007fff787c0000 - 0x00007fff787f0000 	C:\WINDOWS\System32\IMM32.DLL
0x00007fff599f0000 - 0x00007fff59a9a000 	C:\Program Files\Java\jdk-12.0.2\bin\msvcp140.dll
0x00007fff19e40000 - 0x00007fff1a9b7000 	C:\Program Files\Java\jdk-12.0.2\bin\server\jvm.dll
0x00007fff787f0000 - 0x00007fff787f8000 	C:\WINDOWS\System32\PSAPI.DLL
0x00007fff557f0000 - 0x00007fff557f9000 	C:\WINDOWS\SYSTEM32\WSOCK32.dll
0x00007fff628e0000 - 0x00007fff62907000 	C:\WINDOWS\SYSTEM32\WINMM.dll
0x00007fff797b0000 - 0x00007fff7981b000 	C:\WINDOWS\System32\WS2_32.dll
0x00007fff76570000 - 0x00007fff76582000 	C:\WINDOWS\SYSTEM32\kernel.appcore.dll
0x00007fff6ecb0000 - 0x00007fff6ecc1000 	C:\Program Files\Java\jdk-12.0.2\bin\verify.dll
0x00007fff75aa0000 - 0x00007fff75c84000 	C:\WINDOWS\SYSTEM32\DBGHELP.DLL
0x00007fff5b640000 - 0x00007fff5b66c000 	C:\WINDOWS\SYSTEM32\dbgcore.DLL
0x00007fff77f50000 - 0x00007fff77fd0000 	C:\WINDOWS\System32\bcryptPrimitives.dll
0x00007fff6ea40000 - 0x00007fff6ea66000 	C:\Program Files\Java\jdk-12.0.2\bin\java.dll
0x00007fff6ea20000 - 0x00007fff6ea37000 	C:\Program Files\Java\jdk-12.0.2\bin\zip.dll
0x00007fff73610000 - 0x00007fff7361a000 	C:\Program Files\Java\jdk-12.0.2\bin\jimage.dll
0x00007fff79b00000 - 0x00007fff7a242000 	C:\WINDOWS\System32\SHELL32.dll
0x00007fff75d80000 - 0x00007fff76510000 	C:\WINDOWS\SYSTEM32\windows.storage.dll
0x00007fff78940000 - 0x00007fff78c95000 	C:\WINDOWS\System32\combase.dll
0x00007fff77630000 - 0x00007fff7765c000 	C:\WINDOWS\SYSTEM32\Wldp.dll
0x00007fff791e0000 - 0x00007fff7928e000 	C:\WINDOWS\System32\SHCORE.dll
0x00007fff78760000 - 0x00007fff787b5000 	C:\WINDOWS\System32\shlwapi.dll
0x00007fff77bd0000 - 0x00007fff77bef000 	C:\WINDOWS\SYSTEM32\profapi.dll
0x00007fff6ea00000 - 0x00007fff6ea19000 	C:\Program Files\Java\jdk-12.0.2\bin\net.dll
0x00007fff600f0000 - 0x00007fff602de000 	C:\WINDOWS\SYSTEM32\urlmon.dll
0x00007fff6f900000 - 0x00007fff6fa0b000 	C:\WINDOWS\SYSTEM32\WINHTTP.dll
0x00007fff62630000 - 0x00007fff628e0000 	C:\WINDOWS\SYSTEM32\iertutil.dll
0x00007fff77350000 - 0x00007fff773ba000 	C:\WINDOWS\system32\mswsock.dll
0x00007fff6e960000 - 0x00007fff6e973000 	C:\Program Files\Java\jdk-12.0.2\bin\nio.dll
0x00007fff77510000 - 0x00007fff77528000 	C:\WINDOWS\SYSTEM32\CRYPTSP.dll
0x00007fff76d00000 - 0x00007fff76d34000 	C:\WINDOWS\system32\rsaenh.dll
0x00007fff78340000 - 0x00007fff78367000 	C:\WINDOWS\System32\bcrypt.dll
0x00007fff77b90000 - 0x00007fff77bbe000 	C:\WINDOWS\SYSTEM32\USERENV.dll
0x00007fff77500000 - 0x00007fff7750c000 	C:\WINDOWS\SYSTEM32\CRYPTBASE.dll
0x00007fff77050000 - 0x00007fff7708b000 	C:\WINDOWS\SYSTEM32\IPHLPAPI.DLL
0x00007fff79ad0000 - 0x00007fff79ad8000 	C:\WINDOWS\System32\NSI.dll
0x00007fff729b0000 - 0x00007fff729c7000 	C:\WINDOWS\SYSTEM32\dhcpcsvc6.DLL
0x00007fff72920000 - 0x00007fff7293d000 	C:\WINDOWS\SYSTEM32\dhcpcsvc.DLL
0x00007fff770a0000 - 0x00007fff7716c000 	C:\WINDOWS\SYSTEM32\DNSAPI.dll
0x00007fff75100000 - 0x00007fff7510a000 	C:\Users\Rachna\AppData\Local\Temp\jansi-1.17.1-8439753029698833986.dll
0x00007fff71b30000 - 0x00007fff71b3a000 	C:\Users\Rachna\AppData\Local\Temp\jansi-1.17.1-9853869489948998108.dll

dbghelp: loaded successfully - version: 4.0.5 - missing functions: none
symbol engine: initialized successfully - sym options: 0x614 - pdb path: .;C:\Program Files\Java\jdk-12.0.2\bin;C:\WINDOWS\SYSTEM32;C:\WINDOWS\WinSxS\amd64_microsoft.windows.common-controls_6595b64144ccf1df_6.0.19041.844_none_ca00b6081b84eb1d;C:\Program Files\Java\jdk-12.0.2\bin\server;C:\Users\Rachna\AppData\Local\Temp

VM Arguments:
jvm_args: -Dmaven.home=EMBEDDED -Dclassworlds.conf=C:\Users\Rachna\eclipse-workspace\.metadata\.plugins\org.eclipse.m2e.launching\launches\m2conf13693604982005039969.tmp -Dmaven.multiModuleProjectDirectory=C:\Users\Rachna\OneDrive\Desktop\transactionservice\transactionservice -Dfile.encoding=Cp1252 
java_command: org.codehaus.plexus.classworlds.launcher.Launcher -B clean install
java_class_path (initial): C:\Users\Rachna\.p2\pool\plugins\org.eclipse.m2e.maven.runtime_1.16.0.20200610-1735\jars\plexus-classworlds-2.6.0.jar
Launcher Type: SUN_STANDARD

[Global flags]
     intx CICompilerCount                          = 4                                         {product} {ergonomic}
     uint ConcGCThreads                            = 2                                         {product} {ergonomic}
     uint G1ConcRefinementThreads                  = 8                                         {product} {ergonomic}
   size_t G1HeapRegionSize                         = 1048576                                   {product} {ergonomic}
    uintx GCDrainStackTargetSize                   = 64                                        {product} {ergonomic}
   size_t InitialHeapSize                          = 134217728                                 {product} {ergonomic}
   size_t MarkStackSize                            = 4194304                                   {product} {ergonomic}
   size_t MaxHeapSize                              = 2118123520                                {product} {ergonomic}
   size_t MaxNewSize                               = 1270874112                                {product} {ergonomic}
   size_t MinHeapDeltaBytes                        = 1048576                                   {product} {ergonomic}
    uintx NonNMethodCodeHeapSize                   = 5836300                                {pd product} {ergonomic}
    uintx NonProfiledCodeHeapSize                  = 122910970                              {pd product} {ergonomic}
    uintx ProfiledCodeHeapSize                     = 122910970                              {pd product} {ergonomic}
    uintx ReservedCodeCacheSize                    = 251658240                              {pd product} {ergonomic}
     bool SegmentedCodeCache                       = true                                      {product} {ergonomic}
     bool UseCompressedClassPointers               = true                                 {lp64_product} {ergonomic}
     bool UseCompressedOops                        = true                                 {lp64_product} {ergonomic}
     bool UseG1GC                                  = true                                      {product} {ergonomic}
     bool UseLargePagesIndividualAllocation        = false                                  {pd product} {ergonomic}

Logging:
Log output configuration:
 #0: stdout all=warning uptime,level,tags
 #1: stderr all=off uptime,level,tags

Environment Variables:
JAVA_HOME=C:\Program Files\Java\jdk-12.0.2
PATH=C:/Program Files/Java/jdk-12.0.2/bin/server;C:/Program Files/Java/jdk-12.0.2/bin;C:\Python39\Scripts\;C:\Python39\;C:\Users\Rachna\AppData\Local\Programs\Python\Python38-32\;C:\Users\Rachna\AppData\Local\Microsoft\WindowsApps;C:\Users\Rachna\AppData\Roaming\npm;C:\Users\Rachna\AppData\Local\Programs\Microsoft VS Code\bin;C:\Program Files\heroku\bin;C:\Program Files\Git\cmd;C:\WINDOWS\system32;C:\WINDOWS;C:\WINDOWS\System32\Wbem;C:\WINDOWS\System32\WindowsPowerShell\v1.0\;C:\WINDOWS\System32\OpenSSH\;C:\Program Files\apache-maven-3.6.3\bin;C:\Program Files\Java\jdk-12.0.2\bin;M2;C:\Program Files\nodejs\;C:\ProgramData\chocolatey\bin;;C:\Program Files\Docker\Docker\resources\bin;C:\ProgramData\DockerDesktop\version-bin;C:\Program Files\Amazon\AWSCLIV2\;C:\Program Files\MySQL\MySQL Shell 8.0\bin\;C:\Program Files\Git\cmd;C:\Users\Rachna\AppData\Local\Programs\Python\Python38-32\;C:\Users\Rachna\AppData\Local\Microsoft\WindowsApps;C:\Users\Rachna\AppData\Local\Programs\Microsoft VS Code\bin;C:\Program Files\heroku\bin;;C:\Users\Rachna\AppData\Local\Microsoft\WindowsApps;C:\Users\Rachna\AppData\Roaming\npm;C:\WINDOWS\System32;
USERNAME=Rachna
OS=Windows_NT
PROCESSOR_IDENTIFIER=Intel64 Family 6 Model 142 Stepping 12, GenuineIntel



---------------  S Y S T E M  ---------------

OS: Windows 10 , 64 bit Build 19041 (10.0.19041.928)

CPU:total 8 (initial active 8) (4 cores per cpu, 2 threads per core) family 6 model 142 stepping 12, cmov, cx8, fxsr, mmx, sse, sse2, sse3, ssse3, sse4.1, sse4.2, popcnt, avx, avx2, aes, clmul, erms, 3dnowpref, lzcnt, ht, tsc, tscinvbit, bmi1, bmi2, adx, fma

Memory: 4k page, system-wide physical 8078M (441M free)
TotalPageFile size 13078M (AvailPageFile size 5M)
current process WorkingSet (physical memory assigned to process): 328M, peak: 330M
current process commit charge ("private bytes"): 362M, peak: 363M

vm_info: Java HotSpot(TM) 64-Bit Server VM (12.0.2+10) for windows-amd64 JRE (12.0.2+10), built on Jul 16 2019 01:56:17 by "mach5one" with MS VC++ 15.5 (VS2017)

END.
