#
# There is insufficient memory for the Java Runtime Environment to continue.
# Native memory allocation (mmap) failed to map 134217728 bytes for Failed to commit area from 0x0000000081c00000 to 0x0000000089c00000 of length 134217728.
# Possible reasons:
#   The system is out of physical RAM or swap space
#   The process is running with CompressedOops enabled, and the Java Heap may be blocking the growth of the native heap
# Possible solutions:
#   Reduce memory load on the system
#   Increase physical memory or swap space
#   Check if swap backing store is full
#   Decrease Java heap size (-Xmx/-Xms)
#   Decrease number of Java threads
#   Decrease Java thread stack sizes (-Xss)
#   Set larger code cache with -XX:ReservedCodeCacheSize=
# This output file may be truncated or incomplete.
#
#  Out of Memory Error (t:/workspace/open/src/hotspot/os/windows/os_windows.cpp:3264), pid=12072, tid=2616
#
# JRE version:  (12.0.2+10) (build )
# Java VM: Java HotSpot(TM) 64-Bit Server VM (12.0.2+10, mixed mode, aot, sharing, tiered, compressed oops, g1 gc, windows-amd64)
# No core dump will be written. Minidumps are not enabled by default on client versions of Windows
#

---------------  S U M M A R Y ------------

Command Line: C:\Users\Rachna\AppData\Local\Temp\surefire399742860795155826\surefirebooter11616167561827916453.jar C:\Users\Rachna\AppData\Local\Temp\surefire399742860795155826 2021-06-21T20-59-57_728-jvmRun1 surefire3372912498102625683tmp surefire_010376024783645563781tmp

Host: Intel(R) Core(TM) i5-8265U CPU @ 1.60GHz, 8 cores, 7G,  Windows 10 , 64 bit Build 19041 (10.0.19041.928)
Time: Mon Jun 21 20:59:58 2021 India Standard Time elapsed time: 0 seconds (0d 0h 0m 0s)

---------------  T H R E A D  ---------------

Current thread (0x000002e33d216000):  JavaThread "Unknown thread" [_thread_in_vm, id=2616, stack(0x000000f4bb900000,0x000000f4bba00000)]

Stack: [0x000000f4bb900000,0x000000f4bba00000]
Native frames: (J=compiled Java code, j=interpreted, Vv=VM code, C=native code)
V  [jvm.dll+0x63aa2a]
V  [jvm.dll+0x78ce1e]
V  [jvm.dll+0x78e4c1]
V  [jvm.dll+0x78eb13]
V  [jvm.dll+0x2627e8]
V  [jvm.dll+0x637f5a]
V  [jvm.dll+0x62c845]
V  [jvm.dll+0x31e49c]
V  [jvm.dll+0x31e2cf]
V  [jvm.dll+0x324006]
V  [jvm.dll+0x371f56]
V  [jvm.dll+0x371720]
V  [jvm.dll+0x2f845a]
V  [jvm.dll+0x2f96d2]
V  [jvm.dll+0x767267]
V  [jvm.dll+0x7689f5]
V  [jvm.dll+0x380059]
V  [jvm.dll+0x74b794]
V  [jvm.dll+0x3ef5cd]
V  [jvm.dll+0x3f1471]
C  [jli.dll+0x51cf]
C  [ucrtbase.dll+0x21bb2]
C  [KERNEL32.DLL+0x17034]
C  [ntdll.dll+0x52651]


---------------  P R O C E S S  ---------------

Threads class SMR info:
_java_thread_list=0x00007fff1a917928, length=0, elements={
}

Java Threads: ( => current thread )

Other Threads:
  0x000002e33d254000 GCTaskThread "GC Thread#0" [stack: 0x000000f4bba00000,0x000000f4bbb00000] [id=6580]
  0x000002e33d263000 ConcurrentGCThread "G1 Main Marker" [stack: 0x000000f4bbb00000,0x000000f4bbc00000] [id=8284]
  0x000002e33d265000 ConcurrentGCThread "G1 Conc#0" [stack: 0x000000f4bbc00000,0x000000f4bbd00000] [id=16084]

[error occurred during error reporting (printing all threads), id 0xc0000005, EXCEPTION_ACCESS_VIOLATION (0xc0000005) at pc=0x00007fff1a1485e7]

VM state:not at safepoint (not fully initialized)

VM Mutex/Monitor currently owned by a thread:  ([mutex/lock_event])
[0x000002e33d2134a0] Heap_lock - owner thread: 0x000002e33d216000

Heap address: 0x0000000081c00000, size: 2020 MB, Compressed Oops mode: Non-zero based: 0x0000000081c00000
Narrow klass base: 0x0000000000000000, Narrow klass shift: 0

GC Heap History (0 events):
No events

Deoptimization events (0 events):
No events

Classes redefined (0 events):
No events

Internal exceptions (0 events):
No events

Events (0 events):
No events


Dynamic libraries:
0x00007ff77a700000 - 0x00007ff77a70f000 	C:\Program Files\Java\jdk-12.0.2\bin\java.exe
0x00007fff7a550000 - 0x00007fff7a745000 	C:\WINDOWS\SYSTEM32\ntdll.dll
0x00007fff7a250000 - 0x00007fff7a30d000 	C:\WINDOWS\System32\KERNEL32.DLL
0x00007fff77fd0000 - 0x00007fff78298000 	C:\WINDOWS\System32\KERNELBASE.dll
0x00007fff78370000 - 0x00007fff78470000 	C:\WINDOWS\System32\ucrtbase.dll
0x00007fff6ec40000 - 0x00007fff6ec58000 	C:\Program Files\Java\jdk-12.0.2\bin\jli.dll
0x00007fff790d0000 - 0x00007fff7917c000 	C:\WINDOWS\System32\ADVAPI32.dll
0x00007fff78f70000 - 0x00007fff7900e000 	C:\WINDOWS\System32\msvcrt.dll
0x00007fff79900000 - 0x00007fff7999b000 	C:\WINDOWS\System32\sechost.dll
0x00007fff61480000 - 0x00007fff61496000 	C:\Program Files\Java\jdk-12.0.2\bin\VCRUNTIME140.dll
0x00007fff799a0000 - 0x00007fff79acb000 	C:\WINDOWS\System32\RPCRT4.dll
0x00007fff7a370000 - 0x00007fff7a510000 	C:\WINDOWS\System32\USER32.dll
0x00007fff78470000 - 0x00007fff78492000 	C:\WINDOWS\System32\win32u.dll
0x00007fff79010000 - 0x00007fff7903a000 	C:\WINDOWS\System32\GDI32.dll
0x00007fff5dc00000 - 0x00007fff5de9a000 	C:\WINDOWS\WinSxS\amd64_microsoft.windows.common-controls_6595b64144ccf1df_6.0.19041.844_none_ca00b6081b84eb1d\COMCTL32.dll
0x00007fff77df0000 - 0x00007fff77efb000 	C:\WINDOWS\System32\gdi32full.dll
0x00007fff782a0000 - 0x00007fff7833d000 	C:\WINDOWS\System32\msvcp_win.dll
0x00007fff702b0000 - 0x00007fff702ba000 	C:\WINDOWS\SYSTEM32\VERSION.dll
0x00007fff787c0000 - 0x00007fff787f0000 	C:\WINDOWS\System32\IMM32.DLL
0x00007fff599f0000 - 0x00007fff59a9a000 	C:\Program Files\Java\jdk-12.0.2\bin\msvcp140.dll
0x00007fff19e40000 - 0x00007fff1a9b7000 	C:\Program Files\Java\jdk-12.0.2\bin\server\jvm.dll
0x00007fff787f0000 - 0x00007fff787f8000 	C:\WINDOWS\System32\PSAPI.DLL
0x00007fff557f0000 - 0x00007fff557f9000 	C:\WINDOWS\SYSTEM32\WSOCK32.dll
0x00007fff797b0000 - 0x00007fff7981b000 	C:\WINDOWS\System32\WS2_32.dll
0x00007fff628e0000 - 0x00007fff62907000 	C:\WINDOWS\SYSTEM32\WINMM.dll
0x00007fff76570000 - 0x00007fff76582000 	C:\WINDOWS\SYSTEM32\kernel.appcore.dll
0x00007fff6ecb0000 - 0x00007fff6ecc1000 	C:\Program Files\Java\jdk-12.0.2\bin\verify.dll
0x00007fff75aa0000 - 0x00007fff75c84000 	C:\WINDOWS\SYSTEM32\DBGHELP.DLL
0x00007fff5b640000 - 0x00007fff5b66c000 	C:\WINDOWS\SYSTEM32\dbgcore.DLL
0x00007fff77f50000 - 0x00007fff77fd0000 	C:\WINDOWS\System32\bcryptPrimitives.dll
0x00007fff6ea40000 - 0x00007fff6ea66000 	C:\Program Files\Java\jdk-12.0.2\bin\java.dll
0x00007fff6ea20000 - 0x00007fff6ea37000 	C:\Program Files\Java\jdk-12.0.2\bin\zip.dll
0x00007fff73610000 - 0x00007fff7361a000 	C:\Program Files\Java\jdk-12.0.2\bin\jimage.dll

dbghelp: loaded successfully - version: 4.0.5 - missing functions: none
symbol engine: initialized successfully - sym options: 0x614 - pdb path: .;C:\Program Files\Java\jdk-12.0.2\bin;C:\WINDOWS\SYSTEM32;C:\WINDOWS\WinSxS\amd64_microsoft.windows.common-controls_6595b64144ccf1df_6.0.19041.844_none_ca00b6081b84eb1d;C:\Program Files\Java\jdk-12.0.2\bin\server

VM Arguments:
java_command: C:\Users\Rachna\AppData\Local\Temp\surefire399742860795155826\surefirebooter11616167561827916453.jar C:\Users\Rachna\AppData\Local\Temp\surefire399742860795155826 2021-06-21T20-59-57_728-jvmRun1 surefire3372912498102625683tmp surefire_010376024783645563781tmp
java_class_path (initial): C:\Users\Rachna\AppData\Local\Temp\surefire399742860795155826\surefirebooter11616167561827916453.jar
Launcher Type: SUN_STANDARD

[Global flags]
     intx CICompilerCount                          = 4                                         {product} {ergonomic}
     uint ConcGCThreads                            = 2                                         {product} {ergonomic}
     uint G1ConcRefinementThreads                  = 8                                         {product} {ergonomic}
   size_t G1HeapRegionSize                         = 1048576                                   {product} {ergonomic}
    uintx GCDrainStackTargetSize                   = 64                                        {product} {ergonomic}
   size_t InitialHeapSize                          = 134217728                                 {product} {ergonomic}
   size_t MarkStackSize                            = 4194304                                   {product} {ergonomic}
   size_t MaxHeapSize                              = 2118123520                                {product} {ergonomic}
   size_t MinHeapDeltaBytes                        = 1048576                                   {product} {ergonomic}
    uintx NonNMethodCodeHeapSize                   = 5836300                                {pd product} {ergonomic}
    uintx NonProfiledCodeHeapSize                  = 122910970                              {pd product} {ergonomic}
    uintx ProfiledCodeHeapSize                     = 122910970                              {pd product} {ergonomic}
    uintx ReservedCodeCacheSize                    = 251658240                              {pd product} {ergonomic}
     bool SegmentedCodeCache                       = true                                      {product} {ergonomic}
     bool UseCompressedClassPointers               = true                                 {lp64_product} {ergonomic}
     bool UseCompressedOops                        = true                                 {lp64_product} {ergonomic}
     bool UseG1GC                                  = true                                      {product} {ergonomic}
     bool UseLargePagesIndividualAllocation        = false                                  {pd product} {ergonomic}

Logging:
Log output configuration:
 #0: stdout all=warning uptime,level,tags
 #1: stderr all=off uptime,level,tags

Environment Variables:
JAVA_HOME=C:\Program Files\Java\jdk-12.0.2
PATH=C:/Program Files/Java/jdk-12.0.2/bin/server;C:/Program Files/Java/jdk-12.0.2/bin;C:\Python39\Scripts\;C:\Python39\;C:\Users\Rachna\AppData\Local\Programs\Python\Python38-32\;C:\Users\Rachna\AppData\Local\Microsoft\WindowsApps;C:\Users\Rachna\AppData\Roaming\npm;C:\Users\Rachna\AppData\Local\Programs\Microsoft VS Code\bin;C:\Program Files\heroku\bin;C:\Program Files\Git\cmd;C:\WINDOWS\system32;C:\WINDOWS;C:\WINDOWS\System32\Wbem;C:\WINDOWS\System32\WindowsPowerShell\v1.0\;C:\WINDOWS\System32\OpenSSH\;C:\Program Files\apache-maven-3.6.3\bin;C:\Program Files\Java\jdk-12.0.2\bin;M2;C:\Program Files\nodejs\;C:\ProgramData\chocolatey\bin;;C:\Program Files\Docker\Docker\resources\bin;C:\ProgramData\DockerDesktop\version-bin;C:\Program Files\Amazon\AWSCLIV2\;C:\Program Files\MySQL\MySQL Shell 8.0\bin\;C:\Program Files\Git\cmd;C:\Users\Rachna\AppData\Local\Programs\Python\Python38-32\;C:\Users\Rachna\AppData\Local\Microsoft\WindowsApps;C:\Users\Rachna\AppData\Local\Programs\Microsoft VS Code\bin;C:\Program Files\heroku\bin;;C:\Users\Rachna\AppData\Local\Microsoft\WindowsApps;C:\Users\Rachna\AppData\Roaming\npm;C:\WINDOWS\System32;
USERNAME=Rachna
OS=Windows_NT
PROCESSOR_IDENTIFIER=Intel64 Family 6 Model 142 Stepping 12, GenuineIntel



---------------  S Y S T E M  ---------------

OS: Windows 10 , 64 bit Build 19041 (10.0.19041.928)

CPU:total 8 (initial active 8) (4 cores per cpu, 2 threads per core) family 6 model 142 stepping 12, cmov, cx8, fxsr, mmx, sse, sse2, sse3, ssse3, sse4.1, sse4.2, popcnt, avx, avx2, aes, clmul, erms, 3dnowpref, lzcnt, ht, tsc, tscinvbit, bmi1, bmi2, adx, fma

Memory: 4k page, system-wide physical 8078M (480M free)
TotalPageFile size 13078M (AvailPageFile size 75M)
current process WorkingSet (physical memory assigned to process): 10M, peak: 10M
current process commit charge ("private bytes"): 60M, peak: 188M

vm_info: Java HotSpot(TM) 64-Bit Server VM (12.0.2+10) for windows-amd64 JRE (12.0.2+10), built on Jul 16 2019 01:56:17 by "mach5one" with MS VC++ 15.5 (VS2017)

END.
